[2015.11.10-20.41.30:886][  0]Log file open, 11/10/15 14:41:30
[2015.11.10-20.41.30:886][  0]LogInit:Display: Running engine for game: BallPlatformer
[2015.11.10-20.41.30:886][  0]LogInit:Display: RandInit(1073217626) SRandInit(1073217626).
[2015.11.10-20.41.30:886][  0]LogTaskGraph: Started task graph with 4 named threads and 5 total threads.
[2015.11.10-20.41.30:886][  0]LogStats: Stats thread started at 0.073174
[2015.11.10-20.41.30:886][  0]LogInit: Version: 4.9.1-2689999+++depot+UE4-Releases+4.9
[2015.11.10-20.41.30:886][  0]LogInit: API Version: 2672455
[2015.11.10-20.41.30:886][  0]LogInit: Compiled (64-bit): Sep 14 2015 04:12:03
[2015.11.10-20.41.30:886][  0]LogInit: Compiled with Visual C++: 18.00.21005.01
[2015.11.10-20.41.30:886][  0]LogInit: Build Configuration: Development
[2015.11.10-20.41.30:886][  0]LogInit: Branch Name: ++depot+UE4-Releases+4.9
[2015.11.10-20.41.30:886][  0]LogInit: Command line: 
[2015.11.10-20.41.30:886][  0]LogInit: Base directory: C:/Program Files/Epic Games/4.9/Engine/Binaries/Win64/
[2015.11.10-20.41.30:886][  0]LogInit: Rocket: 1
[2015.11.10-20.41.30:898][  0]LogInit: Using libcurl 7.41.0
[2015.11.10-20.41.30:898][  0]LogInit:  - built for x86_64-pc-win32
[2015.11.10-20.41.30:898][  0]LogInit:  - supports SSL with WinSSL
[2015.11.10-20.41.30:898][  0]LogInit:  - other features:
[2015.11.10-20.41.30:898][  0]LogInit:      CURL_VERSION_SSL
[2015.11.10-20.41.30:898][  0]LogInit:      CURL_VERSION_IPV6
[2015.11.10-20.41.30:898][  0]LogInit:      CURL_VERSION_ASYNCHDNS
[2015.11.10-20.41.30:898][  0]LogInit:      CURL_VERSION_LARGEFILE
[2015.11.10-20.41.30:898][  0]LogInit:      CURL_VERSION_IDN
[2015.11.10-20.41.30:898][  0]LogInit:  CurlRequestOptions (configurable via config and command line):
[2015.11.10-20.41.30:898][  0]LogInit:  - bVerifyPeer = true  - Libcurl will verify peer certificate
[2015.11.10-20.41.30:898][  0]LogInit:  - bUseHttpProxy = false  - Libcurl will NOT use HTTP proxy
[2015.11.10-20.41.30:898][  0]LogInit:  - bDontReuseConnections = false  - Libcurl will reuse connections
[2015.11.10-20.41.30:898][  0]LogInit:  - CertBundlePath = nullptr  - Libcurl will use whatever was configured at build time.
[2015.11.10-20.41.30:907][  0]LogInit: Presizing for 0 objects not considered by GC, pre-allocating 0 bytes.
[2015.11.10-20.41.30:919][  0]LogInit: Object subsystem initialized
[2015.11.10-20.41.30:925][  0]LogInit: Selected Device Profile: [Windows]
[2015.11.10-20.41.30:925][  0]LogInit: Applying CVar settings loaded from the selected device profile: [Windows]
[2015.11.10-20.41.30:940][  0]LogInit: Computer: AKL220-022349
[2015.11.10-20.41.30:940][  0]LogInit: User: WCCUser
[2015.11.10-20.41.30:940][  0]LogInit: CPU Page size=4096, Cores=2
[2015.11.10-20.41.30:940][  0]LogInit: High frequency timer resolution =2.825673 MHz
[2015.11.10-20.41.30:940][  0]LogMemory: Memory total: Physical=7.9GB (8GB approx)
[2015.11.10-20.41.30:940][  0]LogMemory: Platform Memory Stats for Windows
[2015.11.10-20.41.30:940][  0]LogMemory: Process Physical Memory: 53.04 MB used, 53.04 MB peak
[2015.11.10-20.41.30:940][  0]LogMemory: Process Virtual Memory: 58.25 MB used, 58.25 MB peak
[2015.11.10-20.41.30:940][  0]LogMemory: Physical Memory: 3793.18 MB used, 8055.55 MB total
[2015.11.10-20.41.30:940][  0]LogMemory: Virtual Memory: 337.61 MB used, 8388608.00 MB total
[2015.11.10-20.41.30:989][  0]LogTextLocalizationManager: No specific translations for ('en-US') exist, so ('en') translations will be used.
[2015.11.10-20.41.32:159][  0]LogD3D11RHI: Found D3D11 adapter 0: Intel(R) HD Graphics 4000 (Feature Level 11_0)
[2015.11.10-20.41.32:159][  0]LogD3D11RHI: Adapter has 64MB of dedicated video memory, 0MB of dedicated system memory, and 1632MB of shared system memory, 1 output[s]
[2015.11.10-20.41.32:159][  0]LogD3D11RHI: Chosen D3D11 Adapter Id = 0
[2015.11.10-20.41.32:164][  0]LogD3D11RHI: !Direct3DDevice
[2015.11.10-20.41.32:164][  0]LogRHI: Texture pool is 616 MB (70% of 880 MB)
[2015.11.10-20.41.32:178][  0]LogD3D11RHI: Async texture creation enabled
[2015.11.10-20.41.32:190][  0]LogShaderCompilers: Guid format shader working directory is 15 characters bigger than the processId version (../../../../../../Users/WCC User/Documents/Unreal Projects/BallPlatformer/Intermediate/Shaders/WorkingDirectory/4104/).
[2015.11.10-20.41.32:191][  0]LogShaderCompilers: Cleaned the shader compiler working directory '../../../../../../Users/WCC User/Documents/Unreal Projects/BallPlatformer/Intermediate/Shaders/tmp/5E90AC3C4D6691EAB01967B9D8021F78/'.
[2015.11.10-20.41.32:191][  0]LogShaderCompilers:Display: Using Local Shader Compiler.
[2015.11.10-20.41.34:135][  0]LogTemp:Display: Loaded TP AllDesktopTargetPlatform
[2015.11.10-20.41.34:145][  0]LogTemp:Display: Loaded TP WindowsClientTargetPlatform
[2015.11.10-20.41.34:155][  0]LogTemp:Display: Loaded TP WindowsNoEditorTargetPlatform
[2015.11.10-20.41.34:162][  0]LogTemp:Display: Loaded TP WindowsServerTargetPlatform
[2015.11.10-20.41.34:171][  0]LogTemp:Display: Loaded TP WindowsTargetPlatform
[2015.11.10-20.41.34:177][  0]LogTemp:Display: Loaded TP AndroidTargetPlatform
[2015.11.10-20.41.34:181][  0]LogTemp:Display: Loaded TP Android_ASTCTargetPlatform
[2015.11.10-20.41.34:186][  0]LogTemp:Display: Loaded TP Android_ATCTargetPlatform
[2015.11.10-20.41.34:190][  0]LogTemp:Display: Loaded TP Android_DXTTargetPlatform
[2015.11.10-20.41.34:194][  0]LogTemp:Display: Loaded TP Android_ETC1TargetPlatform
[2015.11.10-20.41.34:199][  0]LogTemp:Display: Loaded TP Android_ETC2TargetPlatform
[2015.11.10-20.41.34:204][  0]LogTemp:Display: Loaded TP Android_PVRTCTargetPlatform
[2015.11.10-20.41.34:204][  0]LogTemp:Display: Loaded TP HTML5TargetPlatform
[2015.11.10-20.41.34:222][  0]LogTemp:Display: Loaded TP IOSTargetPlatform
[2015.11.10-20.41.34:226][  0]LogTemp:Display: Loaded TP LinuxNoEditorTargetPlatform
[2015.11.10-20.41.34:230][  0]LogTemp:Display: Loaded TP LinuxServerTargetPlatform
[2015.11.10-20.41.34:236][  0]LogTemp:Display: Loaded TP LinuxTargetPlatform
[2015.11.10-20.41.34:236][  0]LogTargetPlatformManager:Display: Building Assets For Windows
[2015.11.10-20.41.34:349][  0]LogDerivedDataCache:Display: Max Cache Size: 512 MB
[2015.11.10-20.41.34:396][  0]LogDerivedDataCache: Loaded boot cache 0.05s 41MB C:/Users/WCC User/AppData/Local/UnrealEngine/4.9/DerivedDataCache/Boot.ddc.
[2015.11.10-20.41.34:396][  0]LogDerivedDataCache:Display: Loaded Boot cache: C:/Users/WCC User/AppData/Local/UnrealEngine/4.9/DerivedDataCache/Boot.ddc
[2015.11.10-20.41.34:397][  0]LogDerivedDataCache: FDerivedDataBackendGraph:  Pak pak cache file ../../../../../../Users/WCC User/Documents/Unreal Projects/BallPlatformer/DerivedDataCache/DDC.ddp not found, will not use a pak cache.
[2015.11.10-20.41.34:397][  0]LogDerivedDataCache: Unable to find inner node Pak for hierarchical cache Hierarchy.
[2015.11.10-20.41.34:397][  0]LogDerivedDataCache: FDerivedDataBackendGraph:  CompressedPak pak cache file ../../../../../../Users/WCC User/Documents/Unreal Projects/BallPlatformer/DerivedDataCache/Compressed.ddp not found, will not use a pak cache.
[2015.11.10-20.41.34:397][  0]LogDerivedDataCache: Unable to find inner node CompressedPak for hierarchical cache Hierarchy.
[2015.11.10-20.41.34:609][  0]LogDerivedDataCache:Display: Pak cache opened for reading ../../../Engine/DerivedDataCache/Compressed.ddp.
[2015.11.10-20.41.34:621][  0]LogDerivedDataCache: Using Local data cache path C:/Users/WCC User/AppData/Local/UnrealEngine/Common/DerivedDataCache: Writable
[2015.11.10-20.41.34:884][  0]LogInit: Selected Device Profile: [Windows]
[2015.11.10-20.41.34:885][  0]LogContentStreaming: Texture pool size is 0.000000MB
[2015.11.10-20.41.34:926][  0]LogMeshUtilities: No automatic mesh reduction module available
[2015.11.10-20.41.34:926][  0]LogMeshUtilities: No automatic mesh merging module available
[2015.11.10-20.41.35:562][  0]LogInit: WinSock: version 1.1 (2.2), MaxSocks=32767, MaxUdp=65467
[2015.11.10-20.41.36:862][  0]UdpMessaging: Initializing bridge on interface 0.0.0.0:0 to multicast group 230.0.0.1:6666.
[2015.11.10-20.41.36:964][  0]LogAssetRegistry: FAssetRegistry took 0.0096 seconds to start up
[2015.11.10-20.41.37:180][  0]SourceControl: Info Source control is disabled
[2015.11.10-20.41.37:208][  0]SourceControl: Info Source control is disabled
[2015.11.10-20.41.37:220][  0]SourceControl: Info Source control is disabled
[2015.11.10-20.41.37:232][  0]SourceControl: Info Source control is disabled
[2015.11.10-20.41.37:431][  0]LogLinker:Warning: Asset '../../../Engine/Plugins/Runtime/LeapMotionController/Content/LM_PassthroughMaterial.uasset' has been saved with empty engine version. The asset will be loaded but may be incompatible.
[2015.11.10-20.41.37:543][  0]LogObj: 28361 objects as part of root set at end of initial load.
[2015.11.10-20.41.37:543][  0]LogUObjectAllocator: 6038872 out of 0 bytes used by permanent object pool.
[2015.11.10-20.41.37:619][  0]LogEngine: Initializing Engine...
[2015.11.10-20.41.37:622][  0]LogHMD: Can't find Oculus library dev build: is proper Runtime installed? Version: 0.7.0.0
[2015.11.10-20.41.37:623][  0]LogHMD: SteamVR failed to initialize.  Err: 110
[2015.11.10-20.41.37:816][  0]LogAIModule: Creating AISystem for world NewWorld
[2015.11.10-20.41.37:823][  0]LogInit: XAudio2 using 'Speakers / HP (IDT High Definition Audio CODEC)' : 2 channels at 48 kHz using 16 bits per sample (channel mask 0x3)
[2015.11.10-20.41.37:913][  0]LogInit: FAudioDevice initialized.
[2015.11.10-20.41.37:936][  0]LogDerivedDataCache: Saved boot cache 0.02s 41MB C:/Users/WCC User/AppData/Local/UnrealEngine/4.9/DerivedDataCache/Boot.ddc.
[2015.11.10-20.41.37:940][  0]LogInit: Texture streaming: Enabled
[2015.11.10-20.41.37:948][  0]LogAnalytics: Creating configured Analytics provider AnalyticsET
[2015.11.10-20.41.37:948][  0]LogAnalytics: [UEEditor.Rocket.Release] APIServer = http://et2.epicgames.com/ET2/. AppVersion = 4.9.1-2689999+++depot+UE4-Releases+4.9
[2015.11.10-20.41.37:948][  0]LogAnalytics: [UEEditor.Rocket.Release] SetUserId c4cd98874e84dea829277f8970b397bb|61799581fa0d44d7a5e52b827142a109|7584cd8b-37f1-4d93-9726-1723a80f5f34
[2015.11.10-20.41.37:948][  0]LogAnalytics: [UEEditor.Rocket.Release] AnalyticsET::StartSession
[2015.11.10-20.41.37:975][  0]LogInit: Transaction tracking system initialized
[2015.11.10-20.41.38:017][  0]BlueprintLog: New page: Editor Load
[2015.11.10-20.41.39:327][  0]LocalizationService: Info Localization service is disabled
[2015.11.10-20.41.39:727][  0]LogConsoleResponse:Display: 
[2015.11.10-20.41.39:908][  0]LogFileCache: Scanning file cache for directory 'C:/Users/WCC User/Documents/Unreal Projects/BallPlatformer/Content/' took 0.01s
[2015.11.10-20.41.39:908][  0]LogCook:Display: Done creating registry. It took  0.00s.
[2015.11.10-20.41.40:232][  0]SourceControl: Info Source control is disabled
[2015.11.10-20.41.40:254][  0]LogFactory: FactoryCreateBinary: PackFactory with PackFactory (0 0 C:/Program Files/Epic Games/4.9/FeaturePacks/StarterContent.upack)
[2015.11.10-20.41.40:627][  0]LogPackFactory: Finished extracting 8 files (including 0 errors).
[2015.11.10-20.41.40:671][  0]LogPackFactory: Copied "../../../Samples/StarterContent/Content/StarterContent/Architecture/Floor_400x400.uasset" to "../../../../../../Users/WCC User/Documents/Unreal Projects/BallPlatformer/Content/StarterContent/Architecture/Floor_400x400.uasset"
[2015.11.10-20.41.40:681][  0]LogPackFactory: Copied "../../../Samples/StarterContent/Content/StarterContent/Architecture/Pillar_50x500.uasset" to "../../../../../../Users/WCC User/Documents/Unreal Projects/BallPlatformer/Content/StarterContent/Architecture/Pillar_50x500.uasset"
[2015.11.10-20.41.40:731][  0]LogPackFactory: Copied "../../../Samples/StarterContent/Content/StarterContent/Architecture/SM_AssetPlatform.uasset" to "../../../../../../Users/WCC User/Documents/Unreal Projects/BallPlatformer/Content/StarterContent/Architecture/SM_AssetPlatform.uasset"
[2015.11.10-20.41.40:746][  0]LogPackFactory: Copied "../../../Samples/StarterContent/Content/StarterContent/Architecture/Wall_400x200.uasset" to "../../../../../../Users/WCC User/Documents/Unreal Projects/BallPlatformer/Content/StarterContent/Architecture/Wall_400x200.uasset"
[2015.11.10-20.41.40:757][  0]LogPackFactory: Copied "../../../Samples/StarterContent/Content/StarterContent/Architecture/Wall_400x300.uasset" to "../../../../../../Users/WCC User/Documents/Unreal Projects/BallPlatformer/Content/StarterContent/Architecture/Wall_400x300.uasset"
[2015.11.10-20.41.40:783][  0]LogPackFactory: Copied "../../../Samples/StarterContent/Content/StarterContent/Architecture/Wall_400x400.uasset" to "../../../../../../Users/WCC User/Documents/Unreal Projects/BallPlatformer/Content/StarterContent/Architecture/Wall_400x400.uasset"
[2015.11.10-20.41.40:805][  0]LogPackFactory: Copied "../../../Samples/StarterContent/Content/StarterContent/Architecture/Wall_500x500.uasset" to "../../../../../../Users/WCC User/Documents/Unreal Projects/BallPlatformer/Content/StarterContent/Architecture/Wall_500x500.uasset"
[2015.11.10-20.41.40:918][  0]LogPackFactory: Copied "../../../Samples/StarterContent/Content/StarterContent/Architecture/Wall_Door_400x300.uasset" to "../../../../../../Users/WCC User/Documents/Unreal Projects/BallPlatformer/Content/StarterContent/Architecture/Wall_Door_400x300.uasset"
[2015.11.10-20.41.41:002][  0]LogPackFactory: Copied "../../../Samples/StarterContent/Content/StarterContent/Architecture/Wall_Door_400x400.uasset" to "../../../../../../Users/WCC User/Documents/Unreal Projects/BallPlatformer/Content/StarterContent/Architecture/Wall_Door_400x400.uasset"
[2015.11.10-20.41.41:163][  0]LogPackFactory: Copied "../../../Samples/StarterContent/Content/StarterContent/Architecture/Wall_Window_400x300.uasset" to "../../../../../../Users/WCC User/Documents/Unreal Projects/BallPlatformer/Content/StarterContent/Architecture/Wall_Window_400x300.uasset"
[2015.11.10-20.41.41:204][  0]LogPackFactory: Copied "../../../Samples/StarterContent/Content/StarterContent/Architecture/Wall_Window_400x400.uasset" to "../../../../../../Users/WCC User/Documents/Unreal Projects/BallPlatformer/Content/StarterContent/Architecture/Wall_Window_400x400.uasset"
[2015.11.10-20.41.41:384][  0]LogPackFactory: Copied "../../../Samples/StarterContent/Content/StarterContent/Audio/Collapse01.uasset" to "../../../../../../Users/WCC User/Documents/Unreal Projects/BallPlatformer/Content/StarterContent/Audio/Collapse01.uasset"
[2015.11.10-20.41.41:455][  0]LogPackFactory: Copied "../../../Samples/StarterContent/Content/StarterContent/Audio/Collapse02.uasset" to "../../../../../../Users/WCC User/Documents/Unreal Projects/BallPlatformer/Content/StarterContent/Audio/Collapse02.uasset"
[2015.11.10-20.41.41:485][  0]LogPackFactory: Copied "../../../Samples/StarterContent/Content/StarterContent/Audio/Collapse_Cue.uasset" to "../../../../../../Users/WCC User/Documents/Unreal Projects/BallPlatformer/Content/StarterContent/Audio/Collapse_Cue.uasset"
[2015.11.10-20.41.41:596][  0]LogPackFactory: Copied "../../../Samples/StarterContent/Content/StarterContent/Audio/Explosion01.uasset" to "../../../../../../Users/WCC User/Documents/Unreal Projects/BallPlatformer/Content/StarterContent/Audio/Explosion01.uasset"
[2015.11.10-20.41.41:624][  0]LogPackFactory: Copied "../../../Samples/StarterContent/Content/StarterContent/Audio/Explosion02.uasset" to "../../../../../../Users/WCC User/Documents/Unreal Projects/BallPlatformer/Content/StarterContent/Audio/Explosion02.uasset"
[2015.11.10-20.41.41:655][  0]LogPackFactory: Copied "../../../Samples/StarterContent/Content/StarterContent/Audio/Explosion_Cue.uasset" to "../../../../../../Users/WCC User/Documents/Unreal Projects/BallPlatformer/Content/StarterContent/Audio/Explosion_Cue.uasset"
[2015.11.10-20.41.41:722][  0]LogPackFactory: Copied "../../../Samples/StarterContent/Content/StarterContent/Audio/Fire01.uasset" to "../../../../../../Users/WCC User/Documents/Unreal Projects/BallPlatformer/Content/StarterContent/Audio/Fire01.uasset"
[2015.11.10-20.41.41:746][  0]LogPackFactory: Copied "../../../Samples/StarterContent/Content/StarterContent/Audio/Fire01_Cue.uasset" to "../../../../../../Users/WCC User/Documents/Unreal Projects/BallPlatformer/Content/StarterContent/Audio/Fire01_Cue.uasset"
[2015.11.10-20.41.41:783][  0]LogPackFactory: Copied "../../../Samples/StarterContent/Content/StarterContent/Audio/Fire_Sparks01.uasset" to "../../../../../../Users/WCC User/Documents/Unreal Projects/BallPlatformer/Content/StarterContent/Audio/Fire_Sparks01.uasset"
[2015.11.10-20.41.41:785][  0]LogPackFactory: Copied "../../../Samples/StarterContent/Content/StarterContent/Audio/Fire_Sparks01_Cue.uasset" to "../../../../../../Users/WCC User/Documents/Unreal Projects/BallPlatformer/Content/StarterContent/Audio/Fire_Sparks01_Cue.uasset"
[2015.11.10-20.41.41:835][  0]LogPackFactory: Copied "../../../Samples/StarterContent/Content/StarterContent/Audio/Light01.uasset" to "../../../../../../Users/WCC User/Documents/Unreal Projects/BallPlatformer/Content/StarterContent/Audio/Light01.uasset"
[2015.11.10-20.41.41:864][  0]LogPackFactory: Copied "../../../Samples/StarterContent/Content/StarterContent/Audio/Light01_Cue.uasset" to "../../../../../../Users/WCC User/Documents/Unreal Projects/BallPlatformer/Content/StarterContent/Audio/Light01_Cue.uasset"
[2015.11.10-20.41.41:878][  0]LogPackFactory: Copied "../../../Samples/StarterContent/Content/StarterContent/Audio/Light02.uasset" to "../../../../../../Users/WCC User/Documents/Unreal Projects/BallPlatformer/Content/StarterContent/Audio/Light02.uasset"
[2015.11.10-20.41.41:916][  0]LogPackFactory: Copied "../../../Samples/StarterContent/Content/StarterContent/Audio/Light02_Cue.uasset" to "../../../../../../Users/WCC User/Documents/Unreal Projects/BallPlatformer/Content/StarterContent/Audio/Light02_Cue.uasset"
[2015.11.10-20.41.42:206][  0]LogPackFactory: Copied "../../../Samples/StarterContent/Content/StarterContent/Audio/Smoke01.uasset" to "../../../../../../Users/WCC User/Documents/Unreal Projects/BallPlatformer/Content/StarterContent/Audio/Smoke01.uasset"
[2015.11.10-20.41.42:228][  0]LogPackFactory: Copied "../../../Samples/StarterContent/Content/StarterContent/Audio/Smoke01_Cue.uasset" to "../../../../../../Users/WCC User/Documents/Unreal Projects/BallPlatformer/Content/StarterContent/Audio/Smoke01_Cue.uasset"
[2015.11.10-20.41.42:256][  0]LogPackFactory: Copied "../../../Samples/StarterContent/Content/StarterContent/Audio/Starter_Background_Cue.uasset" to "../../../../../../Users/WCC User/Documents/Unreal Projects/BallPlatformer/Content/StarterContent/Audio/Starter_Background_Cue.uasset"
[2015.11.10-20.41.42:623][  0]LogPackFactory: Copied "../../../Samples/StarterContent/Content/StarterContent/Audio/Starter_Birds01.uasset" to "../../../../../../Users/WCC User/Documents/Unreal Projects/BallPlatformer/Content/StarterContent/Audio/Starter_Birds01.uasset"
[2015.11.10-20.41.43:784][  0]LogPackFactory: Copied "../../../Samples/StarterContent/Content/StarterContent/Audio/Starter_Music01.uasset" to "../../../../../../Users/WCC User/Documents/Unreal Projects/BallPlatformer/Content/StarterContent/Audio/Starter_Music01.uasset"
[2015.11.10-20.41.43:840][  0]LogPackFactory: Copied "../../../Samples/StarterContent/Content/StarterContent/Audio/Starter_Music_Cue.uasset" to "../../../../../../Users/WCC User/Documents/Unreal Projects/BallPlatformer/Content/StarterContent/Audio/Starter_Music_Cue.uasset"
[2015.11.10-20.41.43:998][  0]LogPackFactory: Copied "../../../Samples/StarterContent/Content/StarterContent/Audio/Starter_Wind05.uasset" to "../../../../../../Users/WCC User/Documents/Unreal Projects/BallPlatformer/Content/StarterContent/Audio/Starter_Wind05.uasset"
[2015.11.10-20.41.44:217][  0]LogPackFactory: Copied "../../../Samples/StarterContent/Content/StarterContent/Audio/Starter_Wind06.uasset" to "../../../../../../Users/WCC User/Documents/Unreal Projects/BallPlatformer/Content/StarterContent/Audio/Starter_Wind06.uasset"
[2015.11.10-20.41.44:317][  0]LogPackFactory: Copied "../../../Samples/StarterContent/Content/StarterContent/Audio/Steam01.uasset" to "../../../../../../Users/WCC User/Documents/Unreal Projects/BallPlatformer/Content/StarterContent/Audio/Steam01.uasset"
[2015.11.10-20.41.44:374][  0]LogPackFactory: Copied "../../../Samples/StarterContent/Content/StarterContent/Audio/Steam01_Cue.uasset" to "../../../../../../Users/WCC User/Documents/Unreal Projects/BallPlatformer/Content/StarterContent/Audio/Steam01_Cue.uasset"
[2015.11.10-20.41.44:394][  0]LogPackFactory: Copied "../../../Samples/StarterContent/Content/StarterContent/Blueprints/Blueprint_CeilingLight.uasset" to "../../../../../../Users/WCC User/Documents/Unreal Projects/BallPlatformer/Content/StarterContent/Blueprints/Blueprint_CeilingLight.uasset"
[2015.11.10-20.41.44:415][  0]LogPackFactory: Copied "../../../Samples/StarterContent/Content/StarterContent/Blueprints/Blueprint_Effect_Explosion.uasset" to "../../../../../../Users/WCC User/Documents/Unreal Projects/BallPlatformer/Content/StarterContent/Blueprints/Blueprint_Effect_Explosion.uasset"
[2015.11.10-20.41.44:461][  0]LogPackFactory: Copied "../../../Samples/StarterContent/Content/StarterContent/Blueprints/Blueprint_Effect_Fire.uasset" to "../../../../../../Users/WCC User/Documents/Unreal Projects/BallPlatformer/Content/StarterContent/Blueprints/Blueprint_Effect_Fire.uasset"
[2015.11.10-20.41.44:477][  0]LogPackFactory: Copied "../../../Samples/StarterContent/Content/StarterContent/Blueprints/Blueprint_Effect_Smoke.uasset" to "../../../../../../Users/WCC User/Documents/Unreal Projects/BallPlatformer/Content/StarterContent/Blueprints/Blueprint_Effect_Smoke.uasset"
[2015.11.10-20.41.44:490][  0]LogPackFactory: Copied "../../../Samples/StarterContent/Content/StarterContent/Blueprints/Blueprint_Effect_Sparks.uasset" to "../../../../../../Users/WCC User/Documents/Unreal Projects/BallPlatformer/Content/StarterContent/Blueprints/Blueprint_Effect_Sparks.uasset"
[2015.11.10-20.41.44:525][  0]LogPackFactory: Copied "../../../Samples/StarterContent/Content/StarterContent/Blueprints/Blueprint_Effect_Steam.uasset" to "../../../../../../Users/WCC User/Documents/Unreal Projects/BallPlatformer/Content/StarterContent/Blueprints/Blueprint_Effect_Steam.uasset"
[2015.11.10-20.41.44:551][  0]LogPackFactory: Copied "../../../Samples/StarterContent/Content/StarterContent/Blueprints/Blueprint_WallSconce.uasset" to "../../../../../../Users/WCC User/Documents/Unreal Projects/BallPlatformer/Content/StarterContent/Blueprints/Blueprint_WallSconce.uasset"
[2015.11.10-20.41.44:589][  0]LogPackFactory: Copied "../../../Samples/StarterContent/Content/StarterContent/Blueprints/BP_LightStudio.uasset" to "../../../../../../Users/WCC User/Documents/Unreal Projects/BallPlatformer/Content/StarterContent/Blueprints/BP_LightStudio.uasset"
[2015.11.10-20.41.44:616][  0]LogPackFactory: Copied "../../../Samples/StarterContent/Content/StarterContent/Blueprints/Assets/FogBrightnessLUT.uasset" to "../../../../../../Users/WCC User/Documents/Unreal Projects/BallPlatformer/Content/StarterContent/Blueprints/Assets/FogBrightnessLUT.uasset"
[2015.11.10-20.41.44:684][  0]LogPackFactory: Copied "../../../Samples/StarterContent/Content/StarterContent/Blueprints/Assets/M_LightStage_Arrows.uasset" to "../../../../../../Users/WCC User/Documents/Unreal Projects/BallPlatformer/Content/StarterContent/Blueprints/Assets/M_LightStage_Arrows.uasset"
[2015.11.10-20.41.44:719][  0]LogPackFactory: Copied "../../../Samples/StarterContent/Content/StarterContent/Blueprints/Assets/M_LightStage_Skybox_Black.uasset" to "../../../../../../Users/WCC User/Documents/Unreal Projects/BallPlatformer/Content/StarterContent/Blueprints/Assets/M_LightStage_Skybox_Black.uasset"
[2015.11.10-20.41.44:758][  0]LogPackFactory: Copied "../../../Samples/StarterContent/Content/StarterContent/Blueprints/Assets/M_LightStage_Skybox_HDRI.uasset" to "../../../../../../Users/WCC User/Documents/Unreal Projects/BallPlatformer/Content/StarterContent/Blueprints/Assets/M_LightStage_Skybox_HDRI.uasset"
[2015.11.10-20.41.44:802][  0]LogPackFactory: Copied "../../../Samples/StarterContent/Content/StarterContent/Blueprints/Assets/M_LightStage_Skybox_Master.uasset" to "../../../../../../Users/WCC User/Documents/Unreal Projects/BallPlatformer/Content/StarterContent/Blueprints/Assets/M_LightStage_Skybox_Master.uasset"
[2015.11.10-20.41.44:971][  0]LogPackFactory: Copied "../../../Samples/StarterContent/Content/StarterContent/Blueprints/Assets/Skybox.uasset" to "../../../../../../Users/WCC User/Documents/Unreal Projects/BallPlatformer/Content/StarterContent/Blueprints/Assets/Skybox.uasset"
[2015.11.10-20.41.45:023][  0]LogPackFactory: Copied "../../../Samples/StarterContent/Content/StarterContent/Blueprints/Assets/SM_Arrows.uasset" to "../../../../../../Users/WCC User/Documents/Unreal Projects/BallPlatformer/Content/StarterContent/Blueprints/Assets/SM_Arrows.uasset"
[2015.11.10-20.41.45:040][  0]LogPackFactory: Copied "../../../Samples/StarterContent/Content/StarterContent/Blueprints/Assets/SunlightColorLUT.uasset" to "../../../../../../Users/WCC User/Documents/Unreal Projects/BallPlatformer/Content/StarterContent/Blueprints/Assets/SunlightColorLUT.uasset"
[2015.11.10-20.41.49:330][  0]LogPackFactory: Copied "../../../Samples/StarterContent/Content/StarterContent/HDRI/HDRI_Epic_Courtyard_Daylight.uasset" to "../../../../../../Users/WCC User/Documents/Unreal Projects/BallPlatformer/Content/StarterContent/HDRI/HDRI_Epic_Courtyard_Daylight.uasset"
[2015.11.10-20.41.49:367][  0]LogPackFactory: Copied "../../../Samples/StarterContent/Content/StarterContent/Maps/Advanced_Lighting.umap" to "../../../../../../Users/WCC User/Documents/Unreal Projects/BallPlatformer/Content/StarterContent/Maps/Advanced_Lighting.umap"
[2015.11.10-20.41.49:576][  0]LogPackFactory: Copied "../../../Samples/StarterContent/Content/StarterContent/Maps/Minimal_Default.umap" to "../../../../../../Users/WCC User/Documents/Unreal Projects/BallPlatformer/Content/StarterContent/Maps/Minimal_Default.umap"
[2015.11.10-20.41.50:477][  0]LogPackFactory: Copied "../../../Samples/StarterContent/Content/StarterContent/Maps/StarterMap.umap" to "../../../../../../Users/WCC User/Documents/Unreal Projects/BallPlatformer/Content/StarterContent/Maps/StarterMap.umap"
[2015.11.10-20.41.50:511][  0]LogPackFactory: Copied "../../../Samples/StarterContent/Content/StarterContent/Materials/M_AssetPlatform.uasset" to "../../../../../../Users/WCC User/Documents/Unreal Projects/BallPlatformer/Content/StarterContent/Materials/M_AssetPlatform.uasset"
[2015.11.10-20.41.50:535][  0]LogPackFactory: Copied "../../../Samples/StarterContent/Content/StarterContent/Materials/M_Basic_Floor.uasset" to "../../../../../../Users/WCC User/Documents/Unreal Projects/BallPlatformer/Content/StarterContent/Materials/M_Basic_Floor.uasset"
[2015.11.10-20.41.50:576][  0]LogPackFactory: Copied "../../../Samples/StarterContent/Content/StarterContent/Materials/M_Basic_Wall.uasset" to "../../../../../../Users/WCC User/Documents/Unreal Projects/BallPlatformer/Content/StarterContent/Materials/M_Basic_Wall.uasset"
[2015.11.10-20.41.50:585][  0]LogPackFactory: Copied "../../../Samples/StarterContent/Content/StarterContent/Materials/M_Brick_Clay_Beveled.uasset" to "../../../../../../Users/WCC User/Documents/Unreal Projects/BallPlatformer/Content/StarterContent/Materials/M_Brick_Clay_Beveled.uasset"
[2015.11.10-20.41.50:600][  0]LogPackFactory: Copied "../../../Samples/StarterContent/Content/StarterContent/Materials/M_Brick_Clay_New.uasset" to "../../../../../../Users/WCC User/Documents/Unreal Projects/BallPlatformer/Content/StarterContent/Materials/M_Brick_Clay_New.uasset"
[2015.11.10-20.41.50:615][  0]LogPackFactory: Copied "../../../Samples/StarterContent/Content/StarterContent/Materials/M_Brick_Clay_Old.uasset" to "../../../../../../Users/WCC User/Documents/Unreal Projects/BallPlatformer/Content/StarterContent/Materials/M_Brick_Clay_Old.uasset"
[2015.11.10-20.41.50:637][  0]LogPackFactory: Copied "../../../Samples/StarterContent/Content/StarterContent/Materials/M_Brick_Cut_Stone.uasset" to "../../../../../../Users/WCC User/Documents/Unreal Projects/BallPlatformer/Content/StarterContent/Materials/M_Brick_Cut_Stone.uasset"
[2015.11.10-20.41.50:673][  0]LogPackFactory: Copied "../../../Samples/StarterContent/Content/StarterContent/Materials/M_Brick_Hewn_Stone.uasset" to "../../../../../../Users/WCC User/Documents/Unreal Projects/BallPlatformer/Content/StarterContent/Materials/M_Brick_Hewn_Stone.uasset"
[2015.11.10-20.41.50:716][  0]LogPackFactory: Copied "../../../Samples/StarterContent/Content/StarterContent/Materials/M_Ceramic_Tile_Checker.uasset" to "../../../../../../Users/WCC User/Documents/Unreal Projects/BallPlatformer/Content/StarterContent/Materials/M_Ceramic_Tile_Checker.uasset"
[2015.11.10-20.41.50:719][  0]LogPackFactory: Copied "../../../Samples/StarterContent/Content/StarterContent/Materials/M_CobbleStone_Pebble.uasset" to "../../../../../../Users/WCC User/Documents/Unreal Projects/BallPlatformer/Content/StarterContent/Materials/M_CobbleStone_Pebble.uasset"
[2015.11.10-20.41.50:757][  0]LogPackFactory: Copied "../../../Samples/StarterContent/Content/StarterContent/Materials/M_CobbleStone_Rough.uasset" to "../../../../../../Users/WCC User/Documents/Unreal Projects/BallPlatformer/Content/StarterContent/Materials/M_CobbleStone_Rough.uasset"
[2015.11.10-20.41.50:783][  0]LogPackFactory: Copied "../../../Samples/StarterContent/Content/StarterContent/Materials/M_CobbleStone_Smooth.uasset" to "../../../../../../Users/WCC User/Documents/Unreal Projects/BallPlatformer/Content/StarterContent/Materials/M_CobbleStone_Smooth.uasset"
[2015.11.10-20.41.50:794][  0]LogPackFactory: Copied "../../../Samples/StarterContent/Content/StarterContent/Materials/M_ColorGrid_LowSpec.uasset" to "../../../../../../Users/WCC User/Documents/Unreal Projects/BallPlatformer/Content/StarterContent/Materials/M_ColorGrid_LowSpec.uasset"
[2015.11.10-20.41.50:817][  0]LogPackFactory: Copied "../../../Samples/StarterContent/Content/StarterContent/Materials/M_Concrete_Grime.uasset" to "../../../../../../Users/WCC User/Documents/Unreal Projects/BallPlatformer/Content/StarterContent/Materials/M_Concrete_Grime.uasset"
[2015.11.10-20.41.50:904][  0]LogPackFactory: Copied "../../../Samples/StarterContent/Content/StarterContent/Materials/M_Concrete_Panels.uasset" to "../../../../../../Users/WCC User/Documents/Unreal Projects/BallPlatformer/Content/StarterContent/Materials/M_Concrete_Panels.uasset"
[2015.11.10-20.41.50:951][  0]LogPackFactory: Copied "../../../Samples/StarterContent/Content/StarterContent/Materials/M_Concrete_Poured.uasset" to "../../../../../../Users/WCC User/Documents/Unreal Projects/BallPlatformer/Content/StarterContent/Materials/M_Concrete_Poured.uasset"
[2015.11.10-20.41.51:029][  0]LogPackFactory: Copied "../../../Samples/StarterContent/Content/StarterContent/Materials/M_Concrete_Tiles.uasset" to "../../../../../../Users/WCC User/Documents/Unreal Projects/BallPlatformer/Content/StarterContent/Materials/M_Concrete_Tiles.uasset"
[2015.11.10-20.41.51:227][  0]LogPackFactory: Copied "../../../Samples/StarterContent/Content/StarterContent/Materials/M_Glass.uasset" to "../../../../../../Users/WCC User/Documents/Unreal Projects/BallPlatformer/Content/StarterContent/Materials/M_Glass.uasset"
[2015.11.10-20.41.51:272][  0]LogPackFactory: Copied "../../../Samples/StarterContent/Content/StarterContent/Materials/M_Ground_Grass.uasset" to "../../../../../../Users/WCC User/Documents/Unreal Projects/BallPlatformer/Content/StarterContent/Materials/M_Ground_Grass.uasset"
[2015.11.10-20.41.51:276][  0]LogPackFactory: Copied "../../../Samples/StarterContent/Content/StarterContent/Materials/M_Ground_Gravel.uasset" to "../../../../../../Users/WCC User/Documents/Unreal Projects/BallPlatformer/Content/StarterContent/Materials/M_Ground_Gravel.uasset"
[2015.11.10-20.41.51:527][  0]LogPackFactory: Copied "../../../Samples/StarterContent/Content/StarterContent/Materials/M_Ground_Moss.uasset" to "../../../../../../Users/WCC User/Documents/Unreal Projects/BallPlatformer/Content/StarterContent/Materials/M_Ground_Moss.uasset"
[2015.11.10-20.41.51:552][  0]LogPackFactory: Copied "../../../Samples/StarterContent/Content/StarterContent/Materials/M_Metal_Brushed_Nickel.uasset" to "../../../../../../Users/WCC User/Documents/Unreal Projects/BallPlatformer/Content/StarterContent/Materials/M_Metal_Brushed_Nickel.uasset"
[2015.11.10-20.41.51:556][  0]LogPackFactory: Copied "../../../Samples/StarterContent/Content/StarterContent/Materials/M_Metal_Burnished_Steel.uasset" to "../../../../../../Users/WCC User/Documents/Unreal Projects/BallPlatformer/Content/StarterContent/Materials/M_Metal_Burnished_Steel.uasset"
[2015.11.10-20.41.51:658][  0]LogPackFactory: Copied "../../../Samples/StarterContent/Content/StarterContent/Materials/M_Metal_Chrome.uasset" to "../../../../../../Users/WCC User/Documents/Unreal Projects/BallPlatformer/Content/StarterContent/Materials/M_Metal_Chrome.uasset"
[2015.11.10-20.41.51:665][  0]LogPackFactory: Copied "../../../Samples/StarterContent/Content/StarterContent/Materials/M_Metal_Copper.uasset" to "../../../../../../Users/WCC User/Documents/Unreal Projects/BallPlatformer/Content/StarterContent/Materials/M_Metal_Copper.uasset"
[2015.11.10-20.41.51:669][  0]LogPackFactory: Copied "../../../Samples/StarterContent/Content/StarterContent/Materials/M_Metal_Gold.uasset" to "../../../../../../Users/WCC User/Documents/Unreal Projects/BallPlatformer/Content/StarterContent/Materials/M_Metal_Gold.uasset"
[2015.11.10-20.41.51:687][  0]LogPackFactory: Copied "../../../Samples/StarterContent/Content/StarterContent/Materials/M_Metal_Rust.uasset" to "../../../../../../Users/WCC User/Documents/Unreal Projects/BallPlatformer/Content/StarterContent/Materials/M_Metal_Rust.uasset"
[2015.11.10-20.41.51:724][  0]LogPackFactory: Copied "../../../Samples/StarterContent/Content/StarterContent/Materials/M_Metal_Steel.uasset" to "../../../../../../Users/WCC User/Documents/Unreal Projects/BallPlatformer/Content/StarterContent/Materials/M_Metal_Steel.uasset"
[2015.11.10-20.41.51:729][  0]LogPackFactory: Copied "../../../Samples/StarterContent/Content/StarterContent/Materials/M_Rock_Basalt.uasset" to "../../../../../../Users/WCC User/Documents/Unreal Projects/BallPlatformer/Content/StarterContent/Materials/M_Rock_Basalt.uasset"
[2015.11.10-20.41.51:735][  0]LogPackFactory: Copied "../../../Samples/StarterContent/Content/StarterContent/Materials/M_Rock_Marble_Polished.uasset" to "../../../../../../Users/WCC User/Documents/Unreal Projects/BallPlatformer/Content/StarterContent/Materials/M_Rock_Marble_Polished.uasset"
[2015.11.10-20.41.51:753][  0]LogPackFactory: Copied "../../../Samples/StarterContent/Content/StarterContent/Materials/M_Rock_Sandstone.uasset" to "../../../../../../Users/WCC User/Documents/Unreal Projects/BallPlatformer/Content/StarterContent/Materials/M_Rock_Sandstone.uasset"
[2015.11.10-20.41.51:774][  0]LogPackFactory: Copied "../../../Samples/StarterContent/Content/StarterContent/Materials/M_Rock_Slate.uasset" to "../../../../../../Users/WCC User/Documents/Unreal Projects/BallPlatformer/Content/StarterContent/Materials/M_Rock_Slate.uasset"
[2015.11.10-20.41.51:778][  0]LogPackFactory: Copied "../../../Samples/StarterContent/Content/StarterContent/Materials/M_Tech_Checker_Dot.uasset" to "../../../../../../Users/WCC User/Documents/Unreal Projects/BallPlatformer/Content/StarterContent/Materials/M_Tech_Checker_Dot.uasset"
[2015.11.10-20.41.51:786][  0]LogPackFactory: Copied "../../../Samples/StarterContent/Content/StarterContent/Materials/M_Tech_Hex_Tile.uasset" to "../../../../../../Users/WCC User/Documents/Unreal Projects/BallPlatformer/Content/StarterContent/Materials/M_Tech_Hex_Tile.uasset"
[2015.11.10-20.41.51:803][  0]LogPackFactory: Copied "../../../Samples/StarterContent/Content/StarterContent/Materials/M_Tech_Hex_Tile_Pulse.uasset" to "../../../../../../Users/WCC User/Documents/Unreal Projects/BallPlatformer/Content/StarterContent/Materials/M_Tech_Hex_Tile_Pulse.uasset"
[2015.11.10-20.41.51:836][  0]LogPackFactory: Copied "../../../Samples/StarterContent/Content/StarterContent/Materials/M_Tech_Panel.uasset" to "../../../../../../Users/WCC User/Documents/Unreal Projects/BallPlatformer/Content/StarterContent/Materials/M_Tech_Panel.uasset"
[2015.11.10-20.41.51:851][  0]LogPackFactory: Copied "../../../Samples/StarterContent/Content/StarterContent/Materials/M_Water_Lake.uasset" to "../../../../../../Users/WCC User/Documents/Unreal Projects/BallPlatformer/Content/StarterContent/Materials/M_Water_Lake.uasset"
[2015.11.10-20.41.51:864][  0]LogPackFactory: Copied "../../../Samples/StarterContent/Content/StarterContent/Materials/M_Water_Ocean.uasset" to "../../../../../../Users/WCC User/Documents/Unreal Projects/BallPlatformer/Content/StarterContent/Materials/M_Water_Ocean.uasset"
[2015.11.10-20.41.51:893][  0]LogPackFactory: Copied "../../../Samples/StarterContent/Content/StarterContent/Materials/M_Wood_Floor_Walnut_Polished.uasset" to "../../../../../../Users/WCC User/Documents/Unreal Projects/BallPlatformer/Content/StarterContent/Materials/M_Wood_Floor_Walnut_Polished.uasset"
[2015.11.10-20.41.51:938][  0]LogPackFactory: Copied "../../../Samples/StarterContent/Content/StarterContent/Materials/M_Wood_Floor_Walnut_Worn.uasset" to "../../../../../../Users/WCC User/Documents/Unreal Projects/BallPlatformer/Content/StarterContent/Materials/M_Wood_Floor_Walnut_Worn.uasset"
[2015.11.10-20.41.51:958][  0]LogPackFactory: Copied "../../../Samples/StarterContent/Content/StarterContent/Materials/M_Wood_Oak.uasset" to "../../../../../../Users/WCC User/Documents/Unreal Projects/BallPlatformer/Content/StarterContent/Materials/M_Wood_Oak.uasset"
[2015.11.10-20.41.51:968][  0]LogPackFactory: Copied "../../../Samples/StarterContent/Content/StarterContent/Materials/M_Wood_Pine.uasset" to "../../../../../../Users/WCC User/Documents/Unreal Projects/BallPlatformer/Content/StarterContent/Materials/M_Wood_Pine.uasset"
[2015.11.10-20.41.51:972][  0]LogPackFactory: Copied "../../../Samples/StarterContent/Content/StarterContent/Materials/M_Wood_Walnut.uasset" to "../../../../../../Users/WCC User/Documents/Unreal Projects/BallPlatformer/Content/StarterContent/Materials/M_Wood_Walnut.uasset"
[2015.11.10-20.41.51:983][  0]LogPackFactory: Copied "../../../Samples/StarterContent/Content/StarterContent/Particles/P_Ambient_Dust.uasset" to "../../../../../../Users/WCC User/Documents/Unreal Projects/BallPlatformer/Content/StarterContent/Particles/P_Ambient_Dust.uasset"
[2015.11.10-20.41.52:002][  0]LogPackFactory: Copied "../../../Samples/StarterContent/Content/StarterContent/Particles/P_Explosion.uasset" to "../../../../../../Users/WCC User/Documents/Unreal Projects/BallPlatformer/Content/StarterContent/Particles/P_Explosion.uasset"
[2015.11.10-20.41.52:095][  0]LogPackFactory: Copied "../../../Samples/StarterContent/Content/StarterContent/Particles/P_Fire.uasset" to "../../../../../../Users/WCC User/Documents/Unreal Projects/BallPlatformer/Content/StarterContent/Particles/P_Fire.uasset"
[2015.11.10-20.41.52:134][  0]LogPackFactory: Copied "../../../Samples/StarterContent/Content/StarterContent/Particles/P_Smoke.uasset" to "../../../../../../Users/WCC User/Documents/Unreal Projects/BallPlatformer/Content/StarterContent/Particles/P_Smoke.uasset"
[2015.11.10-20.41.52:152][  0]LogPackFactory: Copied "../../../Samples/StarterContent/Content/StarterContent/Particles/P_Sparks.uasset" to "../../../../../../Users/WCC User/Documents/Unreal Projects/BallPlatformer/Content/StarterContent/Particles/P_Sparks.uasset"
[2015.11.10-20.41.52:156][  0]LogPackFactory: Copied "../../../Samples/StarterContent/Content/StarterContent/Particles/P_Steam_Lit.uasset" to "../../../../../../Users/WCC User/Documents/Unreal Projects/BallPlatformer/Content/StarterContent/Particles/P_Steam_Lit.uasset"
[2015.11.10-20.41.52:181][  0]LogPackFactory: Copied "../../../Samples/StarterContent/Content/StarterContent/Particles/Materials/M_Burst.uasset" to "../../../../../../Users/WCC User/Documents/Unreal Projects/BallPlatformer/Content/StarterContent/Particles/Materials/M_Burst.uasset"
[2015.11.10-20.41.52:195][  0]LogPackFactory: Copied "../../../Samples/StarterContent/Content/StarterContent/Particles/Materials/M_Dust_Particle.uasset" to "../../../../../../Users/WCC User/Documents/Unreal Projects/BallPlatformer/Content/StarterContent/Particles/Materials/M_Dust_Particle.uasset"
[2015.11.10-20.41.52:218][  0]LogPackFactory: Copied "../../../Samples/StarterContent/Content/StarterContent/Particles/Materials/M_explosion_subUV.uasset" to "../../../../../../Users/WCC User/Documents/Unreal Projects/BallPlatformer/Content/StarterContent/Particles/Materials/M_explosion_subUV.uasset"
[2015.11.10-20.41.52:294][  0]LogPackFactory: Copied "../../../Samples/StarterContent/Content/StarterContent/Particles/Materials/M_Fire_SubUV.uasset" to "../../../../../../Users/WCC User/Documents/Unreal Projects/BallPlatformer/Content/StarterContent/Particles/Materials/M_Fire_SubUV.uasset"
[2015.11.10-20.41.52:298][  0]LogPackFactory: Copied "../../../Samples/StarterContent/Content/StarterContent/Particles/Materials/m_flare_01.uasset" to "../../../../../../Users/WCC User/Documents/Unreal Projects/BallPlatformer/Content/StarterContent/Particles/Materials/m_flare_01.uasset"
[2015.11.10-20.41.52:306][  0]LogPackFactory: Copied "../../../Samples/StarterContent/Content/StarterContent/Particles/Materials/M_Heat_Distortion.uasset" to "../../../../../../Users/WCC User/Documents/Unreal Projects/BallPlatformer/Content/StarterContent/Particles/Materials/M_Heat_Distortion.uasset"
[2015.11.10-20.41.52:354][  0]LogPackFactory: Copied "../../../Samples/StarterContent/Content/StarterContent/Particles/Materials/M_Radial_Gradient.uasset" to "../../../../../../Users/WCC User/Documents/Unreal Projects/BallPlatformer/Content/StarterContent/Particles/Materials/M_Radial_Gradient.uasset"
[2015.11.10-20.41.52:366][  0]LogPackFactory: Copied "../../../Samples/StarterContent/Content/StarterContent/Particles/Materials/M_radial_ramp.uasset" to "../../../../../../Users/WCC User/Documents/Unreal Projects/BallPlatformer/Content/StarterContent/Particles/Materials/M_radial_ramp.uasset"
[2015.11.10-20.41.52:372][  0]LogPackFactory: Copied "../../../Samples/StarterContent/Content/StarterContent/Particles/Materials/M_smoke_subUV.uasset" to "../../../../../../Users/WCC User/Documents/Unreal Projects/BallPlatformer/Content/StarterContent/Particles/Materials/M_smoke_subUV.uasset"
[2015.11.10-20.41.52:384][  0]LogPackFactory: Copied "../../../Samples/StarterContent/Content/StarterContent/Particles/Materials/M_Spark.uasset" to "../../../../../../Users/WCC User/Documents/Unreal Projects/BallPlatformer/Content/StarterContent/Particles/Materials/M_Spark.uasset"
[2015.11.10-20.41.52:424][  0]LogPackFactory: Copied "../../../Samples/StarterContent/Content/StarterContent/Props/MaterialSphere.uasset" to "../../../../../../Users/WCC User/Documents/Unreal Projects/BallPlatformer/Content/StarterContent/Props/MaterialSphere.uasset"
[2015.11.10-20.41.52:463][  0]LogPackFactory: Copied "../../../Samples/StarterContent/Content/StarterContent/Props/SM_Bush.uasset" to "../../../../../../Users/WCC User/Documents/Unreal Projects/BallPlatformer/Content/StarterContent/Props/SM_Bush.uasset"
[2015.11.10-20.41.52:481][  0]LogPackFactory: Copied "../../../Samples/StarterContent/Content/StarterContent/Props/SM_Chair.uasset" to "../../../../../../Users/WCC User/Documents/Unreal Projects/BallPlatformer/Content/StarterContent/Props/SM_Chair.uasset"
[2015.11.10-20.41.52:502][  0]LogPackFactory: Copied "../../../Samples/StarterContent/Content/StarterContent/Props/SM_CornerFrame.uasset" to "../../../../../../Users/WCC User/Documents/Unreal Projects/BallPlatformer/Content/StarterContent/Props/SM_CornerFrame.uasset"
[2015.11.10-20.41.52:524][  0]LogPackFactory: Copied "../../../Samples/StarterContent/Content/StarterContent/Props/SM_Couch.uasset" to "../../../../../../Users/WCC User/Documents/Unreal Projects/BallPlatformer/Content/StarterContent/Props/SM_Couch.uasset"
[2015.11.10-20.41.52:530][  0]LogPackFactory: Copied "../../../Samples/StarterContent/Content/StarterContent/Props/SM_Door.uasset" to "../../../../../../Users/WCC User/Documents/Unreal Projects/BallPlatformer/Content/StarterContent/Props/SM_Door.uasset"
[2015.11.10-20.41.52:544][  0]LogPackFactory: Copied "../../../Samples/StarterContent/Content/StarterContent/Props/SM_DoorFrame.uasset" to "../../../../../../Users/WCC User/Documents/Unreal Projects/BallPlatformer/Content/StarterContent/Props/SM_DoorFrame.uasset"
[2015.11.10-20.41.52:574][  0]LogPackFactory: Copied "../../../Samples/StarterContent/Content/StarterContent/Props/SM_GlassWindow.uasset" to "../../../../../../Users/WCC User/Documents/Unreal Projects/BallPlatformer/Content/StarterContent/Props/SM_GlassWindow.uasset"
[2015.11.10-20.41.52:593][  0]LogPackFactory: Copied "../../../Samples/StarterContent/Content/StarterContent/Props/SM_Lamp_Ceiling.uasset" to "../../../../../../Users/WCC User/Documents/Unreal Projects/BallPlatformer/Content/StarterContent/Props/SM_Lamp_Ceiling.uasset"
[2015.11.10-20.41.52:642][  0]LogPackFactory: Copied "../../../Samples/StarterContent/Content/StarterContent/Props/SM_Lamp_Wall.uasset" to "../../../../../../Users/WCC User/Documents/Unreal Projects/BallPlatformer/Content/StarterContent/Props/SM_Lamp_Wall.uasset"
[2015.11.10-20.41.52:784][  0]LogPackFactory: Copied "../../../Samples/StarterContent/Content/StarterContent/Props/SM_MatPreviewMesh_02.uasset" to "../../../../../../Users/WCC User/Documents/Unreal Projects/BallPlatformer/Content/StarterContent/Props/SM_MatPreviewMesh_02.uasset"
[2015.11.10-20.41.52:904][  0]LogPackFactory: Copied "../../../Samples/StarterContent/Content/StarterContent/Props/SM_PillarFrame.uasset" to "../../../../../../Users/WCC User/Documents/Unreal Projects/BallPlatformer/Content/StarterContent/Props/SM_PillarFrame.uasset"
[2015.11.10-20.41.52:908][  0]LogPackFactory: Copied "../../../Samples/StarterContent/Content/StarterContent/Props/SM_PillarFrame300.uasset" to "../../../../../../Users/WCC User/Documents/Unreal Projects/BallPlatformer/Content/StarterContent/Props/SM_PillarFrame300.uasset"
[2015.11.10-20.41.53:349][  0]LogPackFactory: Copied "../../../Samples/StarterContent/Content/StarterContent/Props/SM_Rock.uasset" to "../../../../../../Users/WCC User/Documents/Unreal Projects/BallPlatformer/Content/StarterContent/Props/SM_Rock.uasset"
[2015.11.10-20.41.53:368][  0]LogPackFactory: Copied "../../../Samples/StarterContent/Content/StarterContent/Props/SM_Shelf.uasset" to "../../../../../../Users/WCC User/Documents/Unreal Projects/BallPlatformer/Content/StarterContent/Props/SM_Shelf.uasset"
[2015.11.10-20.41.53:379][  0]LogPackFactory: Copied "../../../Samples/StarterContent/Content/StarterContent/Props/SM_Stairs.uasset" to "../../../../../../Users/WCC User/Documents/Unreal Projects/BallPlatformer/Content/StarterContent/Props/SM_Stairs.uasset"
[2015.11.10-20.41.53:413][  0]LogPackFactory: Copied "../../../Samples/StarterContent/Content/StarterContent/Props/SM_Statue.uasset" to "../../../../../../Users/WCC User/Documents/Unreal Projects/BallPlatformer/Content/StarterContent/Props/SM_Statue.uasset"
[2015.11.10-20.41.53:551][  0]LogPackFactory: Copied "../../../Samples/StarterContent/Content/StarterContent/Props/SM_TableRound.uasset" to "../../../../../../Users/WCC User/Documents/Unreal Projects/BallPlatformer/Content/StarterContent/Props/SM_TableRound.uasset"
[2015.11.10-20.41.53:555][  0]LogPackFactory: Copied "../../../Samples/StarterContent/Content/StarterContent/Props/SM_WindowFrame.uasset" to "../../../../../../Users/WCC User/Documents/Unreal Projects/BallPlatformer/Content/StarterContent/Props/SM_WindowFrame.uasset"
[2015.11.10-20.41.53:593][  0]LogPackFactory: Copied "../../../Samples/StarterContent/Content/StarterContent/Props/Materials/M_Bush.uasset" to "../../../../../../Users/WCC User/Documents/Unreal Projects/BallPlatformer/Content/StarterContent/Props/Materials/M_Bush.uasset"
[2015.11.10-20.41.53:619][  0]LogPackFactory: Copied "../../../Samples/StarterContent/Content/StarterContent/Props/Materials/M_Chair.uasset" to "../../../../../../Users/WCC User/Documents/Unreal Projects/BallPlatformer/Content/StarterContent/Props/Materials/M_Chair.uasset"
[2015.11.10-20.41.53:645][  0]LogPackFactory: Copied "../../../Samples/StarterContent/Content/StarterContent/Props/Materials/M_Door.uasset" to "../../../../../../Users/WCC User/Documents/Unreal Projects/BallPlatformer/Content/StarterContent/Props/Materials/M_Door.uasset"
[2015.11.10-20.41.53:664][  0]LogPackFactory: Copied "../../../Samples/StarterContent/Content/StarterContent/Props/Materials/M_Frame.uasset" to "../../../../../../Users/WCC User/Documents/Unreal Projects/BallPlatformer/Content/StarterContent/Props/Materials/M_Frame.uasset"
[2015.11.10-20.41.53:695][  0]LogPackFactory: Copied "../../../Samples/StarterContent/Content/StarterContent/Props/Materials/M_Lamp.uasset" to "../../../../../../Users/WCC User/Documents/Unreal Projects/BallPlatformer/Content/StarterContent/Props/Materials/M_Lamp.uasset"
[2015.11.10-20.41.53:703][  0]LogPackFactory: Copied "../../../Samples/StarterContent/Content/StarterContent/Props/Materials/M_MaterialSphere.uasset" to "../../../../../../Users/WCC User/Documents/Unreal Projects/BallPlatformer/Content/StarterContent/Props/Materials/M_MaterialSphere.uasset"
[2015.11.10-20.41.53:709][  0]LogPackFactory: Copied "../../../Samples/StarterContent/Content/StarterContent/Props/Materials/M_MaterialSphere_Plain.uasset" to "../../../../../../Users/WCC User/Documents/Unreal Projects/BallPlatformer/Content/StarterContent/Props/Materials/M_MaterialSphere_Plain.uasset"
[2015.11.10-20.41.53:722][  0]LogPackFactory: Copied "../../../Samples/StarterContent/Content/StarterContent/Props/Materials/M_Rock.uasset" to "../../../../../../Users/WCC User/Documents/Unreal Projects/BallPlatformer/Content/StarterContent/Props/Materials/M_Rock.uasset"
[2015.11.10-20.41.53:728][  0]LogPackFactory: Copied "../../../Samples/StarterContent/Content/StarterContent/Props/Materials/M_Shelf.uasset" to "../../../../../../Users/WCC User/Documents/Unreal Projects/BallPlatformer/Content/StarterContent/Props/Materials/M_Shelf.uasset"
[2015.11.10-20.41.53:743][  0]LogPackFactory: Copied "../../../Samples/StarterContent/Content/StarterContent/Props/Materials/M_Statue.uasset" to "../../../../../../Users/WCC User/Documents/Unreal Projects/BallPlatformer/Content/StarterContent/Props/Materials/M_Statue.uasset"
[2015.11.10-20.41.53:783][  0]LogPackFactory: Copied "../../../Samples/StarterContent/Content/StarterContent/Props/Materials/M_StatueGlass.uasset" to "../../../../../../Users/WCC User/Documents/Unreal Projects/BallPlatformer/Content/StarterContent/Props/Materials/M_StatueGlass.uasset"
[2015.11.10-20.41.53:802][  0]LogPackFactory: Copied "../../../Samples/StarterContent/Content/StarterContent/Props/Materials/M_TableRound.uasset" to "../../../../../../Users/WCC User/Documents/Unreal Projects/BallPlatformer/Content/StarterContent/Props/Materials/M_TableRound.uasset"
[2015.11.10-20.41.53:819][  0]LogPackFactory: Copied "../../../Samples/StarterContent/Content/StarterContent/Shapes/Shape_Cone.uasset" to "../../../../../../Users/WCC User/Documents/Unreal Projects/BallPlatformer/Content/StarterContent/Shapes/Shape_Cone.uasset"
[2015.11.10-20.41.53:823][  0]LogPackFactory: Copied "../../../Samples/StarterContent/Content/StarterContent/Shapes/Shape_Cube.uasset" to "../../../../../../Users/WCC User/Documents/Unreal Projects/BallPlatformer/Content/StarterContent/Shapes/Shape_Cube.uasset"
[2015.11.10-20.41.53:902][  0]LogPackFactory: Copied "../../../Samples/StarterContent/Content/StarterContent/Shapes/Shape_Cylinder.uasset" to "../../../../../../Users/WCC User/Documents/Unreal Projects/BallPlatformer/Content/StarterContent/Shapes/Shape_Cylinder.uasset"
[2015.11.10-20.41.53:962][  0]LogPackFactory: Copied "../../../Samples/StarterContent/Content/StarterContent/Shapes/Shape_NarrowCapsule.uasset" to "../../../../../../Users/WCC User/Documents/Unreal Projects/BallPlatformer/Content/StarterContent/Shapes/Shape_NarrowCapsule.uasset"
[2015.11.10-20.41.53:984][  0]LogPackFactory: Copied "../../../Samples/StarterContent/Content/StarterContent/Shapes/Shape_Pipe.uasset" to "../../../../../../Users/WCC User/Documents/Unreal Projects/BallPlatformer/Content/StarterContent/Shapes/Shape_Pipe.uasset"
[2015.11.10-20.41.54:006][  0]LogPackFactory: Copied "../../../Samples/StarterContent/Content/StarterContent/Shapes/Shape_Pipe_180.uasset" to "../../../../../../Users/WCC User/Documents/Unreal Projects/BallPlatformer/Content/StarterContent/Shapes/Shape_Pipe_180.uasset"
[2015.11.10-20.41.54:043][  0]LogPackFactory: Copied "../../../Samples/StarterContent/Content/StarterContent/Shapes/Shape_Pipe_90.uasset" to "../../../../../../Users/WCC User/Documents/Unreal Projects/BallPlatformer/Content/StarterContent/Shapes/Shape_Pipe_90.uasset"
[2015.11.10-20.41.54:050][  0]LogPackFactory: Copied "../../../Samples/StarterContent/Content/StarterContent/Shapes/Shape_Plane.uasset" to "../../../../../../Users/WCC User/Documents/Unreal Projects/BallPlatformer/Content/StarterContent/Shapes/Shape_Plane.uasset"
[2015.11.10-20.41.54:059][  0]LogPackFactory: Copied "../../../Samples/StarterContent/Content/StarterContent/Shapes/Shape_QuadPyramid.uasset" to "../../../../../../Users/WCC User/Documents/Unreal Projects/BallPlatformer/Content/StarterContent/Shapes/Shape_QuadPyramid.uasset"
[2015.11.10-20.41.54:085][  0]LogPackFactory: Copied "../../../Samples/StarterContent/Content/StarterContent/Shapes/Shape_Sphere.uasset" to "../../../../../../Users/WCC User/Documents/Unreal Projects/BallPlatformer/Content/StarterContent/Shapes/Shape_Sphere.uasset"
[2015.11.10-20.41.54:145][  0]LogPackFactory: Copied "../../../Samples/StarterContent/Content/StarterContent/Shapes/Shape_Torus.uasset" to "../../../../../../Users/WCC User/Documents/Unreal Projects/BallPlatformer/Content/StarterContent/Shapes/Shape_Torus.uasset"
[2015.11.10-20.41.54:156][  0]LogPackFactory: Copied "../../../Samples/StarterContent/Content/StarterContent/Shapes/Shape_Trim.uasset" to "../../../../../../Users/WCC User/Documents/Unreal Projects/BallPlatformer/Content/StarterContent/Shapes/Shape_Trim.uasset"
[2015.11.10-20.41.54:160][  0]LogPackFactory: Copied "../../../Samples/StarterContent/Content/StarterContent/Shapes/Shape_Trim_90_In.uasset" to "../../../../../../Users/WCC User/Documents/Unreal Projects/BallPlatformer/Content/StarterContent/Shapes/Shape_Trim_90_In.uasset"
[2015.11.10-20.41.54:181][  0]LogPackFactory: Copied "../../../Samples/StarterContent/Content/StarterContent/Shapes/Shape_Trim_90_Out.uasset" to "../../../../../../Users/WCC User/Documents/Unreal Projects/BallPlatformer/Content/StarterContent/Shapes/Shape_Trim_90_Out.uasset"
[2015.11.10-20.41.54:197][  0]LogPackFactory: Copied "../../../Samples/StarterContent/Content/StarterContent/Shapes/Shape_TriPyramid.uasset" to "../../../../../../Users/WCC User/Documents/Unreal Projects/BallPlatformer/Content/StarterContent/Shapes/Shape_TriPyramid.uasset"
[2015.11.10-20.41.54:240][  0]LogPackFactory: Copied "../../../Samples/StarterContent/Content/StarterContent/Shapes/Shape_Tube.uasset" to "../../../../../../Users/WCC User/Documents/Unreal Projects/BallPlatformer/Content/StarterContent/Shapes/Shape_Tube.uasset"
[2015.11.10-20.41.54:251][  0]LogPackFactory: Copied "../../../Samples/StarterContent/Content/StarterContent/Shapes/Shape_Wedge_A.uasset" to "../../../../../../Users/WCC User/Documents/Unreal Projects/BallPlatformer/Content/StarterContent/Shapes/Shape_Wedge_A.uasset"
[2015.11.10-20.41.54:255][  0]LogPackFactory: Copied "../../../Samples/StarterContent/Content/StarterContent/Shapes/Shape_Wedge_B.uasset" to "../../../../../../Users/WCC User/Documents/Unreal Projects/BallPlatformer/Content/StarterContent/Shapes/Shape_Wedge_B.uasset"
[2015.11.10-20.41.54:265][  0]LogPackFactory: Copied "../../../Samples/StarterContent/Content/StarterContent/Shapes/Shape_WideCapsule.uasset" to "../../../../../../Users/WCC User/Documents/Unreal Projects/BallPlatformer/Content/StarterContent/Shapes/Shape_WideCapsule.uasset"
[2015.11.10-20.41.54:737][  0]LogPackFactory: Copied "../../../Samples/StarterContent/Content/StarterContent/Textures/T_Brick_Clay_Beveled_D.uasset" to "../../../../../../Users/WCC User/Documents/Unreal Projects/BallPlatformer/Content/StarterContent/Textures/T_Brick_Clay_Beveled_D.uasset"
[2015.11.10-20.41.55:369][  0]LogPackFactory: Copied "../../../Samples/StarterContent/Content/StarterContent/Textures/T_Brick_Clay_Beveled_M.uasset" to "../../../../../../Users/WCC User/Documents/Unreal Projects/BallPlatformer/Content/StarterContent/Textures/T_Brick_Clay_Beveled_M.uasset"
[2015.11.10-20.41.55:996][  0]LogPackFactory: Copied "../../../Samples/StarterContent/Content/StarterContent/Textures/T_Brick_Clay_Beveled_N.uasset" to "../../../../../../Users/WCC User/Documents/Unreal Projects/BallPlatformer/Content/StarterContent/Textures/T_Brick_Clay_Beveled_N.uasset"
[2015.11.10-20.41.56:470][  0]LogPackFactory: Copied "../../../Samples/StarterContent/Content/StarterContent/Textures/T_Brick_Clay_New_D.uasset" to "../../../../../../Users/WCC User/Documents/Unreal Projects/BallPlatformer/Content/StarterContent/Textures/T_Brick_Clay_New_D.uasset"
[2015.11.10-20.41.57:167][  0]LogPackFactory: Copied "../../../Samples/StarterContent/Content/StarterContent/Textures/T_Brick_Clay_New_M.uasset" to "../../../../../../Users/WCC User/Documents/Unreal Projects/BallPlatformer/Content/StarterContent/Textures/T_Brick_Clay_New_M.uasset"
[2015.11.10-20.41.57:686][  0]LogPackFactory: Copied "../../../Samples/StarterContent/Content/StarterContent/Textures/T_Brick_Clay_New_N.uasset" to "../../../../../../Users/WCC User/Documents/Unreal Projects/BallPlatformer/Content/StarterContent/Textures/T_Brick_Clay_New_N.uasset"
[2015.11.10-20.41.57:900][  0]LogPackFactory: Copied "../../../Samples/StarterContent/Content/StarterContent/Textures/T_Brick_Clay_Old_D.uasset" to "../../../../../../Users/WCC User/Documents/Unreal Projects/BallPlatformer/Content/StarterContent/Textures/T_Brick_Clay_Old_D.uasset"
[2015.11.10-20.41.58:033][  0]LogPackFactory: Copied "../../../Samples/StarterContent/Content/StarterContent/Textures/T_Brick_Clay_Old_N.uasset" to "../../../../../../Users/WCC User/Documents/Unreal Projects/BallPlatformer/Content/StarterContent/Textures/T_Brick_Clay_Old_N.uasset"
[2015.11.10-20.41.58:444][  0]LogPackFactory: Copied "../../../Samples/StarterContent/Content/StarterContent/Textures/T_Brick_Cut_Stone_D.uasset" to "../../../../../../Users/WCC User/Documents/Unreal Projects/BallPlatformer/Content/StarterContent/Textures/T_Brick_Cut_Stone_D.uasset"
[2015.11.10-20.41.58:523][  0]LogPackFactory: Copied "../../../Samples/StarterContent/Content/StarterContent/Textures/T_Brick_Cut_Stone_N.uasset" to "../../../../../../Users/WCC User/Documents/Unreal Projects/BallPlatformer/Content/StarterContent/Textures/T_Brick_Cut_Stone_N.uasset"
[2015.11.10-20.41.58:614][  0]LogPackFactory: Copied "../../../Samples/StarterContent/Content/StarterContent/Textures/T_Brick_Hewn_Stone_D.uasset" to "../../../../../../Users/WCC User/Documents/Unreal Projects/BallPlatformer/Content/StarterContent/Textures/T_Brick_Hewn_Stone_D.uasset"
[2015.11.10-20.41.58:709][  0]LogPackFactory: Copied "../../../Samples/StarterContent/Content/StarterContent/Textures/T_Brick_Hewn_Stone_M.uasset" to "../../../../../../Users/WCC User/Documents/Unreal Projects/BallPlatformer/Content/StarterContent/Textures/T_Brick_Hewn_Stone_M.uasset"
[2015.11.10-20.41.58:812][  0]LogPackFactory: Copied "../../../Samples/StarterContent/Content/StarterContent/Textures/T_Brick_Hewn_Stone_N.uasset" to "../../../../../../Users/WCC User/Documents/Unreal Projects/BallPlatformer/Content/StarterContent/Textures/T_Brick_Hewn_Stone_N.uasset"
[2015.11.10-20.41.59:034][  0]LogPackFactory: Copied "../../../Samples/StarterContent/Content/StarterContent/Textures/T_Burst_M.uasset" to "../../../../../../Users/WCC User/Documents/Unreal Projects/BallPlatformer/Content/StarterContent/Textures/T_Burst_M.uasset"
[2015.11.10-20.41.59:056][  0]LogPackFactory: Copied "../../../Samples/StarterContent/Content/StarterContent/Textures/T_Bush_D.uasset" to "../../../../../../Users/WCC User/Documents/Unreal Projects/BallPlatformer/Content/StarterContent/Textures/T_Bush_D.uasset"
[2015.11.10-20.41.59:189][  0]LogPackFactory: Copied "../../../Samples/StarterContent/Content/StarterContent/Textures/T_Bush_N.uasset" to "../../../../../../Users/WCC User/Documents/Unreal Projects/BallPlatformer/Content/StarterContent/Textures/T_Bush_N.uasset"
[2015.11.10-20.41.59:199][  0]LogPackFactory: Copied "../../../Samples/StarterContent/Content/StarterContent/Textures/T_Ceramic_Tile_M.uasset" to "../../../../../../Users/WCC User/Documents/Unreal Projects/BallPlatformer/Content/StarterContent/Textures/T_Ceramic_Tile_M.uasset"
[2015.11.10-20.41.59:205][  0]LogPackFactory: Copied "../../../Samples/StarterContent/Content/StarterContent/Textures/T_Ceramic_Tile_N.uasset" to "../../../../../../Users/WCC User/Documents/Unreal Projects/BallPlatformer/Content/StarterContent/Textures/T_Ceramic_Tile_N.uasset"
[2015.11.10-20.41.59:213][  0]LogPackFactory: Copied "../../../Samples/StarterContent/Content/StarterContent/Textures/T_Chair_M.uasset" to "../../../../../../Users/WCC User/Documents/Unreal Projects/BallPlatformer/Content/StarterContent/Textures/T_Chair_M.uasset"
[2015.11.10-20.41.59:243][  0]LogPackFactory: Copied "../../../Samples/StarterContent/Content/StarterContent/Textures/T_Chair_N.uasset" to "../../../../../../Users/WCC User/Documents/Unreal Projects/BallPlatformer/Content/StarterContent/Textures/T_Chair_N.uasset"
[2015.11.10-20.41.59:264][  0]LogPackFactory: Copied "../../../Samples/StarterContent/Content/StarterContent/Textures/T_Checker_Noise_M.uasset" to "../../../../../../Users/WCC User/Documents/Unreal Projects/BallPlatformer/Content/StarterContent/Textures/T_Checker_Noise_M.uasset"
[2015.11.10-20.41.59:516][  0]LogPackFactory: Copied "../../../Samples/StarterContent/Content/StarterContent/Textures/T_CobbleStone_Pebble_D.uasset" to "../../../../../../Users/WCC User/Documents/Unreal Projects/BallPlatformer/Content/StarterContent/Textures/T_CobbleStone_Pebble_D.uasset"
[2015.11.10-20.41.59:531][  0]LogPackFactory: Copied "../../../Samples/StarterContent/Content/StarterContent/Textures/T_CobbleStone_Pebble_M.uasset" to "../../../../../../Users/WCC User/Documents/Unreal Projects/BallPlatformer/Content/StarterContent/Textures/T_CobbleStone_Pebble_M.uasset"
[2015.11.10-20.41.59:662][  0]LogPackFactory: Copied "../../../Samples/StarterContent/Content/StarterContent/Textures/T_CobbleStone_Pebble_N.uasset" to "../../../../../../Users/WCC User/Documents/Unreal Projects/BallPlatformer/Content/StarterContent/Textures/T_CobbleStone_Pebble_N.uasset"
[2015.11.10-20.41.59:706][  0]LogPackFactory: Copied "../../../Samples/StarterContent/Content/StarterContent/Textures/T_CobbleStone_Rough_D.uasset" to "../../../../../../Users/WCC User/Documents/Unreal Projects/BallPlatformer/Content/StarterContent/Textures/T_CobbleStone_Rough_D.uasset"
[2015.11.10-20.41.59:813][  0]LogPackFactory: Copied "../../../Samples/StarterContent/Content/StarterContent/Textures/T_CobbleStone_Rough_N.uasset" to "../../../../../../Users/WCC User/Documents/Unreal Projects/BallPlatformer/Content/StarterContent/Textures/T_CobbleStone_Rough_N.uasset"
[2015.11.10-20.41.59:963][  0]LogPackFactory: Copied "../../../Samples/StarterContent/Content/StarterContent/Textures/T_CobbleStone_Smooth_D.uasset" to "../../../../../../Users/WCC User/Documents/Unreal Projects/BallPlatformer/Content/StarterContent/Textures/T_CobbleStone_Smooth_D.uasset"
[2015.11.10-20.42.00:061][  0]LogPackFactory: Copied "../../../Samples/StarterContent/Content/StarterContent/Textures/T_CobbleStone_Smooth_M.uasset" to "../../../../../../Users/WCC User/Documents/Unreal Projects/BallPlatformer/Content/StarterContent/Textures/T_CobbleStone_Smooth_M.uasset"
[2015.11.10-20.42.00:178][  0]LogPackFactory: Copied "../../../Samples/StarterContent/Content/StarterContent/Textures/T_CobbleStone_Smooth_N.uasset" to "../../../../../../Users/WCC User/Documents/Unreal Projects/BallPlatformer/Content/StarterContent/Textures/T_CobbleStone_Smooth_N.uasset"
[2015.11.10-20.42.00:315][  0]LogPackFactory: Copied "../../../Samples/StarterContent/Content/StarterContent/Textures/T_Concrete_Grime_D.uasset" to "../../../../../../Users/WCC User/Documents/Unreal Projects/BallPlatformer/Content/StarterContent/Textures/T_Concrete_Grime_D.uasset"
[2015.11.10-20.42.00:400][  0]LogPackFactory: Copied "../../../Samples/StarterContent/Content/StarterContent/Textures/T_Concrete_Panels_D.uasset" to "../../../../../../Users/WCC User/Documents/Unreal Projects/BallPlatformer/Content/StarterContent/Textures/T_Concrete_Panels_D.uasset"
[2015.11.10-20.42.00:829][  0]LogPackFactory: Copied "../../../Samples/StarterContent/Content/StarterContent/Textures/T_Concrete_Panels_N.uasset" to "../../../../../../Users/WCC User/Documents/Unreal Projects/BallPlatformer/Content/StarterContent/Textures/T_Concrete_Panels_N.uasset"
[2015.11.10-20.42.01:569][  0]LogPackFactory: Copied "../../../Samples/StarterContent/Content/StarterContent/Textures/T_Concrete_Poured_D.uasset" to "../../../../../../Users/WCC User/Documents/Unreal Projects/BallPlatformer/Content/StarterContent/Textures/T_Concrete_Poured_D.uasset"
[2015.11.10-20.42.01:729][  0]LogPackFactory: Copied "../../../Samples/StarterContent/Content/StarterContent/Textures/T_Concrete_Poured_N.uasset" to "../../../../../../Users/WCC User/Documents/Unreal Projects/BallPlatformer/Content/StarterContent/Textures/T_Concrete_Poured_N.uasset"
[2015.11.10-20.42.01:778][  0]LogPackFactory: Copied "../../../Samples/StarterContent/Content/StarterContent/Textures/T_Concrete_Tiles_D.uasset" to "../../../../../../Users/WCC User/Documents/Unreal Projects/BallPlatformer/Content/StarterContent/Textures/T_Concrete_Tiles_D.uasset"
[2015.11.10-20.42.01:977][  0]LogPackFactory: Copied "../../../Samples/StarterContent/Content/StarterContent/Textures/T_Concrete_Tiles_M.uasset" to "../../../../../../Users/WCC User/Documents/Unreal Projects/BallPlatformer/Content/StarterContent/Textures/T_Concrete_Tiles_M.uasset"
[2015.11.10-20.42.02:163][  0]LogPackFactory: Copied "../../../Samples/StarterContent/Content/StarterContent/Textures/T_Concrete_Tiles_N.uasset" to "../../../../../../Users/WCC User/Documents/Unreal Projects/BallPlatformer/Content/StarterContent/Textures/T_Concrete_Tiles_N.uasset"
[2015.11.10-20.42.02:182][  0]LogPackFactory: Copied "../../../Samples/StarterContent/Content/StarterContent/Textures/T_Concrete_Tiles_Variation_M.uasset" to "../../../../../../Users/WCC User/Documents/Unreal Projects/BallPlatformer/Content/StarterContent/Textures/T_Concrete_Tiles_Variation_M.uasset"
[2015.11.10-20.42.02:384][  0]LogPackFactory: Copied "../../../Samples/StarterContent/Content/StarterContent/Textures/T_Detail_Rocky_N.uasset" to "../../../../../../Users/WCC User/Documents/Unreal Projects/BallPlatformer/Content/StarterContent/Textures/T_Detail_Rocky_N.uasset"
[2015.11.10-20.42.02:452][  0]LogPackFactory: Copied "../../../Samples/StarterContent/Content/StarterContent/Textures/T_Door_M.uasset" to "../../../../../../Users/WCC User/Documents/Unreal Projects/BallPlatformer/Content/StarterContent/Textures/T_Door_M.uasset"
[2015.11.10-20.42.02:493][  0]LogPackFactory: Copied "../../../Samples/StarterContent/Content/StarterContent/Textures/T_Door_N.uasset" to "../../../../../../Users/WCC User/Documents/Unreal Projects/BallPlatformer/Content/StarterContent/Textures/T_Door_N.uasset"
[2015.11.10-20.42.02:525][  0]LogPackFactory: Copied "../../../Samples/StarterContent/Content/StarterContent/Textures/T_Dust_Particle_D.uasset" to "../../../../../../Users/WCC User/Documents/Unreal Projects/BallPlatformer/Content/StarterContent/Textures/T_Dust_Particle_D.uasset"
[2015.11.10-20.42.02:649][  0]LogPackFactory: Copied "../../../Samples/StarterContent/Content/StarterContent/Textures/T_Explosion_SubUV.uasset" to "../../../../../../Users/WCC User/Documents/Unreal Projects/BallPlatformer/Content/StarterContent/Textures/T_Explosion_SubUV.uasset"
[2015.11.10-20.42.02:725][  0]LogPackFactory: Copied "../../../Samples/StarterContent/Content/StarterContent/Textures/T_Fire_SubUV.uasset" to "../../../../../../Users/WCC User/Documents/Unreal Projects/BallPlatformer/Content/StarterContent/Textures/T_Fire_SubUV.uasset"
[2015.11.10-20.42.02:762][  0]LogPackFactory: Copied "../../../Samples/StarterContent/Content/StarterContent/Textures/T_Fire_Tiled_D.uasset" to "../../../../../../Users/WCC User/Documents/Unreal Projects/BallPlatformer/Content/StarterContent/Textures/T_Fire_Tiled_D.uasset"
[2015.11.10-20.42.02:829][  0]LogPackFactory: Copied "../../../Samples/StarterContent/Content/StarterContent/Textures/T_Frame_M.uasset" to "../../../../../../Users/WCC User/Documents/Unreal Projects/BallPlatformer/Content/StarterContent/Textures/T_Frame_M.uasset"
[2015.11.10-20.42.03:240][  0]LogPackFactory: Copied "../../../Samples/StarterContent/Content/StarterContent/Textures/T_Frame_N.uasset" to "../../../../../../Users/WCC User/Documents/Unreal Projects/BallPlatformer/Content/StarterContent/Textures/T_Frame_N.uasset"
[2015.11.10-20.42.03:417][  0]LogPackFactory: Copied "../../../Samples/StarterContent/Content/StarterContent/Textures/T_Gradinet_01.uasset" to "../../../../../../Users/WCC User/Documents/Unreal Projects/BallPlatformer/Content/StarterContent/Textures/T_Gradinet_01.uasset"
[2015.11.10-20.42.04:976][  0]LogPackFactory: Copied "../../../Samples/StarterContent/Content/StarterContent/Textures/T_Ground_Grass_D.uasset" to "../../../../../../Users/WCC User/Documents/Unreal Projects/BallPlatformer/Content/StarterContent/Textures/T_Ground_Grass_D.uasset"
[2015.11.10-20.42.06:016][  0]LogPackFactory: Copied "../../../Samples/StarterContent/Content/StarterContent/Textures/T_Ground_Grass_N.uasset" to "../../../../../../Users/WCC User/Documents/Unreal Projects/BallPlatformer/Content/StarterContent/Textures/T_Ground_Grass_N.uasset"
[2015.11.10-20.42.06:485][  0]LogPackFactory: Copied "../../../Samples/StarterContent/Content/StarterContent/Textures/T_Ground_Gravel_D.uasset" to "../../../../../../Users/WCC User/Documents/Unreal Projects/BallPlatformer/Content/StarterContent/Textures/T_Ground_Gravel_D.uasset"
[2015.11.10-20.42.07:373][  0]LogPackFactory: Copied "../../../Samples/StarterContent/Content/StarterContent/Textures/T_Ground_Gravel_N.uasset" to "../../../../../../Users/WCC User/Documents/Unreal Projects/BallPlatformer/Content/StarterContent/Textures/T_Ground_Gravel_N.uasset"
[2015.11.10-20.42.08:359][  0]LogPackFactory: Copied "../../../Samples/StarterContent/Content/StarterContent/Textures/T_ground_Moss_D.uasset" to "../../../../../../Users/WCC User/Documents/Unreal Projects/BallPlatformer/Content/StarterContent/Textures/T_ground_Moss_D.uasset"
[2015.11.10-20.42.09:491][  0]LogPackFactory: Copied "../../../Samples/StarterContent/Content/StarterContent/Textures/T_Ground_Moss_N.uasset" to "../../../../../../Users/WCC User/Documents/Unreal Projects/BallPlatformer/Content/StarterContent/Textures/T_Ground_Moss_N.uasset"
[2015.11.10-20.42.09:613][  0]LogPackFactory: Copied "../../../Samples/StarterContent/Content/StarterContent/Textures/T_Lamp_M.uasset" to "../../../../../../Users/WCC User/Documents/Unreal Projects/BallPlatformer/Content/StarterContent/Textures/T_Lamp_M.uasset"
[2015.11.10-20.42.09:877][  0]LogPackFactory: Copied "../../../Samples/StarterContent/Content/StarterContent/Textures/T_Lamp_N.uasset" to "../../../../../../Users/WCC User/Documents/Unreal Projects/BallPlatformer/Content/StarterContent/Textures/T_Lamp_N.uasset"
[2015.11.10-20.42.10:946][  0]LogPackFactory: Copied "../../../Samples/StarterContent/Content/StarterContent/Textures/T_MacroVariation.uasset" to "../../../../../../Users/WCC User/Documents/Unreal Projects/BallPlatformer/Content/StarterContent/Textures/T_MacroVariation.uasset"
[2015.11.10-20.42.12:015][  0]LogPackFactory: Copied "../../../Samples/StarterContent/Content/StarterContent/Textures/T_Metal_Aluminum_D.uasset" to "../../../../../../Users/WCC User/Documents/Unreal Projects/BallPlatformer/Content/StarterContent/Textures/T_Metal_Aluminum_D.uasset"
[2015.11.10-20.42.12:597][  0]LogPackFactory: Copied "../../../Samples/StarterContent/Content/StarterContent/Textures/T_Metal_Copper_D.uasset" to "../../../../../../Users/WCC User/Documents/Unreal Projects/BallPlatformer/Content/StarterContent/Textures/T_Metal_Copper_D.uasset"
[2015.11.10-20.42.13:446][  0]LogPackFactory: Copied "../../../Samples/StarterContent/Content/StarterContent/Textures/T_Metal_Gold_D.uasset" to "../../../../../../Users/WCC User/Documents/Unreal Projects/BallPlatformer/Content/StarterContent/Textures/T_Metal_Gold_D.uasset"
[2015.11.10-20.42.13:623][  0]LogPackFactory: Copied "../../../Samples/StarterContent/Content/StarterContent/Textures/T_Metal_Gold_N.uasset" to "../../../../../../Users/WCC User/Documents/Unreal Projects/BallPlatformer/Content/StarterContent/Textures/T_Metal_Gold_N.uasset"
[2015.11.10-20.42.14:215][  0]LogPackFactory: Copied "../../../Samples/StarterContent/Content/StarterContent/Textures/T_Metal_Rust_D.uasset" to "../../../../../../Users/WCC User/Documents/Unreal Projects/BallPlatformer/Content/StarterContent/Textures/T_Metal_Rust_D.uasset"
[2015.11.10-20.42.14:674][  0]LogPackFactory: Copied "../../../Samples/StarterContent/Content/StarterContent/Textures/T_Metal_Rust_N.uasset" to "../../../../../../Users/WCC User/Documents/Unreal Projects/BallPlatformer/Content/StarterContent/Textures/T_Metal_Rust_N.uasset"
[2015.11.10-20.42.15:009][  0]LogPackFactory: Copied "../../../Samples/StarterContent/Content/StarterContent/Textures/T_Metal_Steel_D.uasset" to "../../../../../../Users/WCC User/Documents/Unreal Projects/BallPlatformer/Content/StarterContent/Textures/T_Metal_Steel_D.uasset"
[2015.11.10-20.42.15:668][  0]LogPackFactory: Copied "../../../Samples/StarterContent/Content/StarterContent/Textures/T_Metal_Steel_N.uasset" to "../../../../../../Users/WCC User/Documents/Unreal Projects/BallPlatformer/Content/StarterContent/Textures/T_Metal_Steel_N.uasset"
[2015.11.10-20.42.15:861][  0]LogPackFactory: Copied "../../../Samples/StarterContent/Content/StarterContent/Textures/T_Perlin_Noise_M.uasset" to "../../../../../../Users/WCC User/Documents/Unreal Projects/BallPlatformer/Content/StarterContent/Textures/T_Perlin_Noise_M.uasset"
[2015.11.10-20.42.16:093][  0]LogPackFactory: Copied "../../../Samples/StarterContent/Content/StarterContent/Textures/T_RockMesh_M.uasset" to "../../../../../../Users/WCC User/Documents/Unreal Projects/BallPlatformer/Content/StarterContent/Textures/T_RockMesh_M.uasset"
[2015.11.10-20.42.16:423][  0]LogPackFactory: Copied "../../../Samples/StarterContent/Content/StarterContent/Textures/T_RockMesh_N.uasset" to "../../../../../../Users/WCC User/Documents/Unreal Projects/BallPlatformer/Content/StarterContent/Textures/T_RockMesh_N.uasset"
[2015.11.10-20.42.17:819][  0]LogPackFactory: Copied "../../../Samples/StarterContent/Content/StarterContent/Textures/T_Rock_Basalt_D.uasset" to "../../../../../../Users/WCC User/Documents/Unreal Projects/BallPlatformer/Content/StarterContent/Textures/T_Rock_Basalt_D.uasset"
[2015.11.10-20.42.18:423][  0]LogPackFactory: Copied "../../../Samples/StarterContent/Content/StarterContent/Textures/T_Rock_Basalt_N.uasset" to "../../../../../../Users/WCC User/Documents/Unreal Projects/BallPlatformer/Content/StarterContent/Textures/T_Rock_Basalt_N.uasset"
[2015.11.10-20.42.20:072][  0]LogPackFactory: Copied "../../../Samples/StarterContent/Content/StarterContent/Textures/T_Rock_Marble_Polished_D.uasset" to "../../../../../../Users/WCC User/Documents/Unreal Projects/BallPlatformer/Content/StarterContent/Textures/T_Rock_Marble_Polished_D.uasset"
[2015.11.10-20.42.21:634][  0]LogPackFactory: Copied "../../../Samples/StarterContent/Content/StarterContent/Textures/T_Rock_Sandstone_D.uasset" to "../../../../../../Users/WCC User/Documents/Unreal Projects/BallPlatformer/Content/StarterContent/Textures/T_Rock_Sandstone_D.uasset"
[2015.11.10-20.42.22:357][  0]LogPackFactory: Copied "../../../Samples/StarterContent/Content/StarterContent/Textures/T_Rock_Sandstone_N.uasset" to "../../../../../../Users/WCC User/Documents/Unreal Projects/BallPlatformer/Content/StarterContent/Textures/T_Rock_Sandstone_N.uasset"
[2015.11.10-20.42.24:066][  0]LogPackFactory: Copied "../../../Samples/StarterContent/Content/StarterContent/Textures/T_Rock_Slate_D.uasset" to "../../../../../../Users/WCC User/Documents/Unreal Projects/BallPlatformer/Content/StarterContent/Textures/T_Rock_Slate_D.uasset"
[2015.11.10-20.42.24:768][  0]LogPackFactory: Copied "../../../Samples/StarterContent/Content/StarterContent/Textures/T_Rock_Slate_N.uasset" to "../../../../../../Users/WCC User/Documents/Unreal Projects/BallPlatformer/Content/StarterContent/Textures/T_Rock_Slate_N.uasset"
[2015.11.10-20.42.25:880][  0]LogPackFactory: Copied "../../../Samples/StarterContent/Content/StarterContent/Textures/T_Rock_Smooth_Granite_D.uasset" to "../../../../../../Users/WCC User/Documents/Unreal Projects/BallPlatformer/Content/StarterContent/Textures/T_Rock_Smooth_Granite_D.uasset"
[2015.11.10-20.42.25:980][  0]LogPackFactory: Copied "../../../Samples/StarterContent/Content/StarterContent/Textures/T_Shelf_M.uasset" to "../../../../../../Users/WCC User/Documents/Unreal Projects/BallPlatformer/Content/StarterContent/Textures/T_Shelf_M.uasset"
[2015.11.10-20.42.26:169][  0]LogPackFactory: Copied "../../../Samples/StarterContent/Content/StarterContent/Textures/T_Shelf_N.uasset" to "../../../../../../Users/WCC User/Documents/Unreal Projects/BallPlatformer/Content/StarterContent/Textures/T_Shelf_N.uasset"
[2015.11.10-20.42.26:204][  0]LogPackFactory: Copied "../../../Samples/StarterContent/Content/StarterContent/Textures/T_Single_Tile_N.uasset" to "../../../../../../Users/WCC User/Documents/Unreal Projects/BallPlatformer/Content/StarterContent/Textures/T_Single_Tile_N.uasset"
[2015.11.10-20.42.26:329][  0]LogPackFactory: Copied "../../../Samples/StarterContent/Content/StarterContent/Textures/T_Smoke_SubUV.uasset" to "../../../../../../Users/WCC User/Documents/Unreal Projects/BallPlatformer/Content/StarterContent/Textures/T_Smoke_SubUV.uasset"
[2015.11.10-20.42.26:357][  0]LogPackFactory: Copied "../../../Samples/StarterContent/Content/StarterContent/Textures/T_Smoke_Tiled_D.uasset" to "../../../../../../Users/WCC User/Documents/Unreal Projects/BallPlatformer/Content/StarterContent/Textures/T_Smoke_Tiled_D.uasset"
[2015.11.10-20.42.26:399][  0]LogPackFactory: Copied "../../../Samples/StarterContent/Content/StarterContent/Textures/T_Spark_Core.uasset" to "../../../../../../Users/WCC User/Documents/Unreal Projects/BallPlatformer/Content/StarterContent/Textures/T_Spark_Core.uasset"
[2015.11.10-20.42.26:462][  0]LogPackFactory: Copied "../../../Samples/StarterContent/Content/StarterContent/Textures/T_Statue_M.uasset" to "../../../../../../Users/WCC User/Documents/Unreal Projects/BallPlatformer/Content/StarterContent/Textures/T_Statue_M.uasset"
[2015.11.10-20.42.26:533][  0]LogPackFactory: Copied "../../../Samples/StarterContent/Content/StarterContent/Textures/T_Statue_N.uasset" to "../../../../../../Users/WCC User/Documents/Unreal Projects/BallPlatformer/Content/StarterContent/Textures/T_Statue_N.uasset"
[2015.11.10-20.42.26:583][  0]LogPackFactory: Copied "../../../Samples/StarterContent/Content/StarterContent/Textures/T_TableRound_M.uasset" to "../../../../../../Users/WCC User/Documents/Unreal Projects/BallPlatformer/Content/StarterContent/Textures/T_TableRound_M.uasset"
[2015.11.10-20.42.26:690][  0]LogPackFactory: Copied "../../../Samples/StarterContent/Content/StarterContent/Textures/T_TableRound_N.uasset" to "../../../../../../Users/WCC User/Documents/Unreal Projects/BallPlatformer/Content/StarterContent/Textures/T_TableRound_N.uasset"
[2015.11.10-20.42.26:734][  0]LogPackFactory: Copied "../../../Samples/StarterContent/Content/StarterContent/Textures/T_Tech_Dot_M.uasset" to "../../../../../../Users/WCC User/Documents/Unreal Projects/BallPlatformer/Content/StarterContent/Textures/T_Tech_Dot_M.uasset"
[2015.11.10-20.42.26:755][  0]LogPackFactory: Copied "../../../Samples/StarterContent/Content/StarterContent/Textures/T_Tech_Dot_N.uasset" to "../../../../../../Users/WCC User/Documents/Unreal Projects/BallPlatformer/Content/StarterContent/Textures/T_Tech_Dot_N.uasset"
[2015.11.10-20.42.26:905][  0]LogPackFactory: Copied "../../../Samples/StarterContent/Content/StarterContent/Textures/T_Tech_Hex_Tile_M.uasset" to "../../../../../../Users/WCC User/Documents/Unreal Projects/BallPlatformer/Content/StarterContent/Textures/T_Tech_Hex_Tile_M.uasset"
[2015.11.10-20.42.27:116][  0]LogPackFactory: Copied "../../../Samples/StarterContent/Content/StarterContent/Textures/T_Tech_Hex_Tile_N.uasset" to "../../../../../../Users/WCC User/Documents/Unreal Projects/BallPlatformer/Content/StarterContent/Textures/T_Tech_Hex_Tile_N.uasset"
[2015.11.10-20.42.27:424][  0]LogPackFactory: Copied "../../../Samples/StarterContent/Content/StarterContent/Textures/T_Tech_Panel_M.uasset" to "../../../../../../Users/WCC User/Documents/Unreal Projects/BallPlatformer/Content/StarterContent/Textures/T_Tech_Panel_M.uasset"
[2015.11.10-20.42.27:613][  0]LogPackFactory: Copied "../../../Samples/StarterContent/Content/StarterContent/Textures/T_Tech_Panel_N.uasset" to "../../../../../../Users/WCC User/Documents/Unreal Projects/BallPlatformer/Content/StarterContent/Textures/T_Tech_Panel_N.uasset"
[2015.11.10-20.42.27:811][  0]LogPackFactory: Copied "../../../Samples/StarterContent/Content/StarterContent/Textures/T_Water_M.uasset" to "../../../../../../Users/WCC User/Documents/Unreal Projects/BallPlatformer/Content/StarterContent/Textures/T_Water_M.uasset"
[2015.11.10-20.42.27:973][  0]LogPackFactory: Copied "../../../Samples/StarterContent/Content/StarterContent/Textures/T_Water_N.uasset" to "../../../../../../Users/WCC User/Documents/Unreal Projects/BallPlatformer/Content/StarterContent/Textures/T_Water_N.uasset"
[2015.11.10-20.42.28:205][  0]LogPackFactory: Copied "../../../Samples/StarterContent/Content/StarterContent/Textures/T_Wood_Floor_Walnut_D.uasset" to "../../../../../../Users/WCC User/Documents/Unreal Projects/BallPlatformer/Content/StarterContent/Textures/T_Wood_Floor_Walnut_D.uasset"
[2015.11.10-20.42.28:305][  0]LogPackFactory: Copied "../../../Samples/StarterContent/Content/StarterContent/Textures/T_Wood_Floor_Walnut_M.uasset" to "../../../../../../Users/WCC User/Documents/Unreal Projects/BallPlatformer/Content/StarterContent/Textures/T_Wood_Floor_Walnut_M.uasset"
[2015.11.10-20.42.28:378][  0]LogPackFactory: Copied "../../../Samples/StarterContent/Content/StarterContent/Textures/T_Wood_Floor_Walnut_N.uasset" to "../../../../../../Users/WCC User/Documents/Unreal Projects/BallPlatformer/Content/StarterContent/Textures/T_Wood_Floor_Walnut_N.uasset"
[2015.11.10-20.42.28:507][  0]LogPackFactory: Copied "../../../Samples/StarterContent/Content/StarterContent/Textures/T_Wood_Oak_D.uasset" to "../../../../../../Users/WCC User/Documents/Unreal Projects/BallPlatformer/Content/StarterContent/Textures/T_Wood_Oak_D.uasset"
[2015.11.10-20.42.28:816][  0]LogPackFactory: Copied "../../../Samples/StarterContent/Content/StarterContent/Textures/T_Wood_Oak_N.uasset" to "../../../../../../Users/WCC User/Documents/Unreal Projects/BallPlatformer/Content/StarterContent/Textures/T_Wood_Oak_N.uasset"
[2015.11.10-20.42.30:000][  0]LogPackFactory: Copied "../../../Samples/StarterContent/Content/StarterContent/Textures/T_Wood_Pine_D.uasset" to "../../../../../../Users/WCC User/Documents/Unreal Projects/BallPlatformer/Content/StarterContent/Textures/T_Wood_Pine_D.uasset"
[2015.11.10-20.42.30:213][  0]LogPackFactory: Copied "../../../Samples/StarterContent/Content/StarterContent/Textures/T_Wood_Pine_N.uasset" to "../../../../../../Users/WCC User/Documents/Unreal Projects/BallPlatformer/Content/StarterContent/Textures/T_Wood_Pine_N.uasset"
[2015.11.10-20.42.30:575][  0]LogPackFactory: Copied "../../../Samples/StarterContent/Content/StarterContent/Textures/T_Wood_Walnut_D.uasset" to "../../../../../../Users/WCC User/Documents/Unreal Projects/BallPlatformer/Content/StarterContent/Textures/T_Wood_Walnut_D.uasset"
[2015.11.10-20.42.30:958][  0]LogPackFactory: Copied "../../../Samples/StarterContent/Content/StarterContent/Textures/T_Wood_Walnut_N.uasset" to "../../../../../../Users/WCC User/Documents/Unreal Projects/BallPlatformer/Content/StarterContent/Textures/T_Wood_Walnut_N.uasset"
[2015.11.10-20.42.31:893][  0]LogRenderer: Reallocating scene render targets to support 256x256 (Frame:2).
[2015.11.10-20.42.32:722][  0]LogSavePackage: Save=12.149672ms
[2015.11.10-20.42.32:722][  0]LogSavePackage: Moving '../../../../../../Users/WCC User/Documents/Unreal Projects/BallPlatformer/Saved/Floor_400x400891FAD7348AD033492425AA1BCCA3A61.tmp' to '../../../../../../Users/WCC User/Documents/Unreal Projects/BallPlatformer/Content/StarterContent/Architecture/Floor_400x400.uasset'
[2015.11.10-20.42.32:725][  0]LogSavePackage: Total save time: 17.308798ms
[2015.11.10-20.42.32:725][  0]LogSaveP